Initialized native services in: C:\Users\denni\.gradle\native
Initialized jansi services in: C:\Users\denni\.gradle\native
To honour the JVM settings for this build a single-use Daemon process will be forked. For more on this, please refer to https://docs.gradle.org/8.14.3/userguide/gradle_daemon.html#sec:disabling_the_daemon in the Gradle documentation.
Daemon JVM discovery is an incubating feature.
Received JVM installation metadata from 'C:\Program Files\Java\jdk-24': {JAVA_HOME=C:\Program Files\Java\jdk-24, JAVA_VERSION=24.0.1, JAVA_VENDOR=Oracle Corporation, RUNTIME_NAME=Java(TM) SE Runtime Environment, RUNTIME_VERSION=24.0.1+9-30, VM_NAME=Java HotSpot(TM) 64-Bit Server VM, VM_VERSION=24.0.1+9-30, VM_VENDOR=Oracle Corporation, OS_ARCH=amd64}
Starting process 'command 'C:\Users\denni\.jdks\ms-17.0.15\bin\java.exe''. Working directory: C:\Users\denni\.gradle\.tmp\tmp-jvm10227311318163365650probe Command: C:\Users\denni\.jdks\ms-17.0.15\bin\java.exe -Xmx32m -Xms32m -cp . JavaProbe
Starting process 'command 'C:\Users\denni\.jdks\ms-21.0.7\bin\java.exe''. Working directory: C:\Users\denni\.gradle\.tmp\tmp-jvm11398791757540892894probe Command: C:\Users\denni\.jdks\ms-21.0.7\bin\java.exe -Xmx32m -Xms32m -cp . JavaProbe
Successfully started process 'command 'C:\Users\denni\.jdks\ms-21.0.7\bin\java.exe''
Successfully started process 'command 'C:\Users\denni\.jdks\ms-17.0.15\bin\java.exe''


[2A[1B[1m> Starting Daemon > Extracting toolchain metadata from 'C:\Program Files\Java\j[m[79D[1B[2AReceived JVM installation metadata from 'C:\Users\denni\.jdks\ms-21.0.7': {JAVA_HOME=C:\Users\denni\.jdks\ms-21.0.7, JAVA_VERSION=21.0.7, JAVA_VENDOR=Microsoft, RUNTIME_NAME=OpenJDK Runtime Environment, RUNTIME_VERSION=21.0.7+6-LTS, VM_NAME=OpenJDK 64-Bit Server VM, VM_VERSION=21.0.7+6-LTS, VM_VENDOR=Microsoft, OS_ARCH=amd64}
Received JVM installation metadata from 'C:\Users\denni\.jdks\ms-17.0.15': {JAVA_HOME=C:\Users\denni\.jdks\ms-17.0.15, JAVA_VERSION=17.0.15, JAVA_VENDOR=Microsoft, RUNTIME_NAME=OpenJDK Runtime Environment, RUNTIME_VERSION=17.0.15+6-LTS, VM_NAME=OpenJDK 64-Bit Server VM, VM_VERSION=17.0.15+6-LTS, VM_VENDOR=Microsoft, OS_ARCH=amd64}[0K
Starting process 'command 'C:\Program Files\Java\jre1.8.0_471\bin\java.exe''. Working directory: C:\Users\denni\.gradle\.tmp\tmp-jvm3552517049485764422probe Command: C:\Program Files\Java\jre1.8.0_471\bin\java.exe -Xmx32m -Xms32m -cp . JavaProbe
Successfully started process 'command 'C:\Program Files\Java\jre1.8.0_471\bin\java.exe''

[0K
[2A[1B[1m> Starting Daemon > Extracting toolchain metadata from 'C:\Program Files\Java\j[m[79D[1B[2AReceived JVM installation metadata from 'C:\Program Files\Java\jre1.8.0_471': {JAVA_HOME=C:\Program Files\Java\jre1.8.0_471, JAVA_VERSION=1.8.0_471, JAVA_VENDOR=Oracle Corporation, RUNTIME_NAME=Java(TM) SE Runtime Environment, RUNTIME_VERSION=1.8.0_471-b09, VM_NAME=Java HotSpot(TM) 64-Bit Server VM, VM_VERSION=25.471-b09, VM_VENDOR=Oracle Corporation, OS_ARCH=amd64}
Starting process 'Gradle build daemon'. Working directory: C:\Users\denni\.gradle\daemon\8.14.3 Command: C:\Users\denni\.jdks\ms-17.0.15\bin\java.exe --add-opens=java.base/java.lang=ALL-UNNAMED --add-opens=java.base/java.lang.invoke=ALL-UNNAMED --add-opens=java.base/java.util=ALL-UNNAMED --add-opens=java.prefs/java.util.prefs=ALL-UNNAMED --add-exports=jdk.compiler/com.sun.tools.javac.api=ALL-UNNAMED --add-exports=jdk.compiler/com.sun.tools.javac.util=ALL-UNNAMED --add-opens=java.base/java.util=ALL-UNNAMED --add-opens=java.prefs/java.util.prefs=ALL-UNNAMED --add-opens=java.base/java.nio.charset=ALL-UNNAMED --add-opens=java.base/java.net=ALL-UNNAMED --add-opens=java.base/java.util.concurrent.atomic=ALL-UNNAMED --add-opens=java.xml/javax.xml.namespace=ALL-UNNAMED -Xms512M -Xmx1G -Dfile.encoding=UTF-8 -Duser.country=US -Duser.language=en -Duser.variant -cp C:\Users\denni\.gradle\wrapper\dists\gradle-8.14.3-bin\cv11ve7ro1n3o1j4so8xd9n66\gradle-8.14.3\lib\gradle-daemon-main-8.14.3.jar -javaagent:C:\Users\denni\.gradle\wrapper\dists\gradle-8.14.3-bin\cv11ve7ro1n3o1j4so8xd9n66\gradle-8.14.3\lib\agents\gradle-instrumentation-agent-8.14.3.jar org.gradle.launcher.daemon.bootstrap.GradleDaemon 8.14.3[0K
Successfully started process 'Gradle build daemon'

[0K
[2A[1B[1m> Starting Daemon[m[17D[1B[2AAn attempt to start the daemon took 0.939 secs.
[1B[0K
[2A[0K[1B> IDLE[6D[1B[2AThe client will now receive all logging from the daemon (pid: 34748). The daemon log file: C:\Users\denni\.gradle\daemon\8.14.3\daemon-34748.out.log
Daemon will be stopped at the end of the build [0K

[0K
[2A[1B> IDLE[6D[1B[2AUsing 32 worker leases.
[1B[0K
[2A[1m<[0;1m-------------> 0% INITIALIZING [40ms][m[38D[1B> IDLE[6D[1B[2A[1m<[0;1m-------------> 0% INITIALIZING [141ms][m[39D[2B[2AReceived JVM installation metadata from 'C:\Users\denni\.jdks\ms-17.0.15': {JAVA_HOME=C:\Users\denni\.jdks\ms-17.0.15, JAVA_VERSION=17.0.15, JAVA_VENDOR=Microsoft, RUNTIME_NAME=Java(TM) SE Runtime Environment, RUNTIME_VERSION=17.0.15+6-LTS, VM_NAME=OpenJDK 64-Bit Server VM, VM_VERSION=17.0.15+6-LTS, VM_VENDOR=Microsoft, OS_ARCH=amd64}[0K
[1B[0K
[2A[1m<[0;1m-------------> 0% INITIALIZING [240ms][m[39D[1B> IDLE[6D[1B[2A[1m<[0;1m-------------> 0% INITIALIZING [342ms][m[39D[2B[2A[1m<[0;1m-------------> 0% INITIALIZING [440ms][m[39D[2B[2AWatching the file system is configured to be enabled if available[0K
Now considering [C:\Users\denni\Desktop\Tarmin2] as hierarchies to watch[0K
File system watching is active
[0K
[0K
[2A[1m<[0;1m-------------> 0% INITIALIZING [541ms][m[39D[1B[1m> Evaluating settings[m[21D[1B[2A[1m<[0;1m-------------> 0% INITIALIZING [640ms][m[39D[2B[2A[1m<[0;1m-------------> 0% INITIALIZING [741ms][m[39D[2B[2A[1m<[0;1m-------------> 0% INITIALIZING [841ms][m[39D[2B[2AStarting Build[0K
[1B[0K
[2A[1m<[0;1m-------------> 0% INITIALIZING [941ms][m[39D[1B[1m> Evaluating settings[m[21D[1B[2A[1m<[0;1m-------------> 0% INITIALIZING [1s][m[0K[36D[2B[1A[1m> Evaluating settings > Resolve dependencies of detachedConfiguration1[m[70D[1B[2AResolved plugin [id: 'org.gradle.toolchains.foojay-resolver-convention', version: '0.9.0'][0K
[1B[0K
[2A[1m<[0;1m-------------> 0% INITIALIZING [1s][m[0K[36D[1B[1m> Evaluating settings[m[21D[1B[1A[1m> Evaluating settings > Resolve files of configuration 'classpath'[m[66D[1B[1A[1m> Evaluating settings[m[0K[21D[1B[2ASettings evaluated using settings file 'C:\Users\denni\Desktop\Tarmin2\settings.gradle'.[0K
[1B[0K
[2A[1m<[0;1m-------------> 0% CONFIGURING [1s][m[35D[1B[1m> Loading projects[m[18D[1B[2AProjects loaded. Root project using build file 'C:\Users\denni\Desktop\Tarmin2\build.gradle'.[0K
Included projects: [root project 'Tarmin2', project ':core', project ':lwjgl3'][0K
[0K
[0K
[2A[1m<[0;1m-------------> 0% CONFIGURING [1s][m[35D[1B[1m> root project[m[14D[1B[2A[1m<[0;1m-------------> 0% CONFIGURING [2s][m[35D[2B[2A[0K
[1m> Configure project :[m[0K
Evaluating root project 'Tarmin2' using build file 'C:\Users\denni\Desktop\Tarmin2\build.gradle'.

[1m> Configure project :core[m
Evaluating project ':core' using build file 'C:\Users\denni\Desktop\Tarmin2\core\build.gradle'.
[0K
[0K
[2A[1m<[0;32;1m========[0;39;1m-----> 66% CONFIGURING [2s][m[36D[1B[1m> :lwjgl3 > Resolve files of configuration 'classpath' > Resolve files of confi[m[79D[1B[1A[1m> :lwjgl3[m[0K[9D[1B[2A[1m<[0;32;1m========[0;39;1m-----> 66% CONFIGURING [3s][m[36D[2B[1A[1m> :lwjgl3 > Resolve files of configuration ':lwjgl3:runtimeClasspath'[m[69D[1B[2A[0K
[1m> Configure project :lwjgl3[m[0K
Evaluating project ':lwjgl3' using build file 'C:\Users\denni\Desktop\Tarmin2\lwjgl3\build.gradle'.
Resolved plugin [id: 'application']
All projects evaluated.
[0K
[0K
[2A[1m<[0;32;1m=============[0;39;1m> 100% CONFIGURING [3s][m[37D[1B> IDLE[6D[1B[2ATask name matched 'clean'[0K
Task path 'lwjgl3:run' matched project ':lwjgl3'[0K
Task name matched 'run'
Selected primary task 'clean' from project :
Selected primary task 'run' from project :lwjgl3
[0K
[0K
[2A[1m<[0;32;1m=============[0;39;1m> 100% CONFIGURING [3s][m[37D[1B> IDLE[6D[1B[2ATasks to be executed: [task ':core:clean', task ':lwjgl3:clean', task ':core:compileJava', task ':core:generateAssetList', task ':core:processResources', task ':core:classes', task ':core:jar', task ':lwjgl3:compileJava', task ':lwjgl3:generateAssetList', task ':lwjgl3:processResources', task ':lwjgl3:classes', task ':lwjgl3:run'][0K
Tasks that were excluded: [][0K
Resolve mutations for :core:clean (Thread[Execution worker Thread 2,5,main]) started.
:core:clean (Thread[Execution worker Thread 2,5,main]) started.
[0K
[0K
[2A[1m<[0;1m-------------> 0% EXECUTING [3s][m[33D[1B[1m> :core:clean[m[13D[1B[2A[0K
[1m> Task :core:clean[m[0K
Caching disabled for task ':core:clean' because:
  Build cache is disabled
Task ':core:clean' is not up-to-date because:
  Task has not declared any outputs despite executing actions.
Resolve mutations for :lwjgl3:clean (Thread[Execution worker Thread 2,5,main]) started.
:lwjgl3:clean (Thread[Execution worker Thread 2,5,main]) started.
destroyer locations for task group 0 (Thread[Execution worker Thread 13,5,main]) started.
[0K
[0K
[2A[1m<[0;32;1m=[0;39;1m------------> 8% EXECUTING [3s][m[33D[1B[1m> :lwjgl3:clean[m[15D[1B[2A[1m<[0;32;1m=[0;39;1m------------> 8% EXECUTING [4s][m[33D[2B[2A[0K
[1m> Task :lwjgl3:clean[m[0K
Caching disabled for task ':lwjgl3:clean' because:
  Build cache is disabled
Task ':lwjgl3:clean' is not up-to-date because:
  Task has not declared any outputs despite executing actions.
Resolve mutations for :core:compileJava (Thread[Execution worker Thread 2,5,main]) started.
:core:compileJava (Thread[Execution worker Thread 2,5,main]) started.
[0K
[0K
[2A[1m<[0;32;1m==[0;39;1m-----------> 16% EXECUTING [4s][m[34D[1B[1m> :core:compileJava > Resolve dependencies of :core:compileClasspath[m[68D[1B[1A[1m> :core:compileJava[m[0K[19D[1B[2A[1m<[0;32;1m==[0;39;1m-----------> 16% EXECUTING [5s][m[34D[2B[2A[1m<[0;32;1m==[0;39;1m-----------> 16% EXECUTING [6s][m[34D[2B[2A[0K
[1m> Task :core:compileJava[m[0K
Caching disabled for task ':core:compileJava' because:
  Build cache is disabled
Task ':core:compileJava' is not up-to-date because:
  Output property 'destinationDirectory' file C:\Users\denni\Desktop\Tarmin2\core\build\classes\java\main has been removed.
  Output property 'destinationDirectory' file C:\Users\denni\Desktop\Tarmin2\core\build\classes\java\main\com has been removed.
  Output property 'destinationDirectory' file C:\Users\denni\Desktop\Tarmin2\core\build\classes\java\main\com\bpm has been removed.
  and more...
The input changes require a full rebuild for incremental task ':core:compileJava'.
Compilation mode: in-process compilation
Full recompilation is required because no incremental change information is available. This is usually caused by clean builds or changing compiler arguments.
Compiling with toolchain 'C:\Users\denni\.jdks\ms-17.0.15'.
Compiling with JDK Java compiler API.
[0K
[0K
[2A[1m<[0;32;1m==[0;39;1m-----------> 16% EXECUTING [6s][m[34D[1B[1m> :core:compileJava[m[19D[1BC:\Users\denni\Desktop\Tarmin2\core\src\main\java\com\bpm\minotaur\rendering\EntityRenderer.java:704: warning: [cast] redundant cast to float
                    float u = (float) (stripe - (screenX - spriteWidth / 2 + pixelOffX)) / (float) spriteWidth;
                              ^
C:\Users\denni\Desktop\Tarmin2\core\src\main\java\com\bpm\minotaur\rendering\EntityRenderer.java:792: warning: [cast] redundant cast to float
                    float u = (float) (stripe - (screenX - spriteWidth / 2 + pix[2A[1m<[0;32;1m==[0;39;1m-----------> 16% EXECUTING [7s][m[34D[2B[2AClass dependency analysis for incremental compilation took 0.168 secs.[0K
[1B[0K
[2A[1m<[0;32;1m==[0;39;1m-----------> 16% EXECUTING [7s][m[34D[1B[1m> :core:compileJava[m[19D[1B[2ACreated classpath snapshot for incremental compilation in 0.098 secs.[0K
work action resolve main (project :core) (Thread[Execution worker Thread 2,5,main]) started.[0K
Resolve mutations for :core:generateAssetList (Thread[Execution worker Thread 2,5,main]) started.
:core:generateAssetList (Thread[Execution worker Thread 2,5,main]) started.

[1m> Task :core:generateAssetList[m[33m UP-TO-DATE[39m
Skipping task ':core:generateAssetList' as it has no actions.
Resolve mutations for :core:processResources (Thread[Execution worker Thread 2,5,main]) started.
:core:processResources (Thread[Execution worker Thread 2,5,main]) started.

[1m> Task :core:processResources[m[33m NO-SOURCE[39m
Skipping task ':core:processResources' as it has no source files and no previous output files.
Resolve mutations for :core:classes (Thread[Execution worker Thread 2,5,main]) started.
:core:classes (Thread[Execution worker Thread 2,5,main]) started.

[1m> Task :core:classes[m
Skipping task ':core:classes' as it has no actions.
Resolve mutations for :core:jar (Thread[Execution worker Thread 2,5,main]) started.
:core:jar (Thread[Execution worker Thread 2,5,main]) started.
[0K
[0K
[2A[1m<[0;32;1m======[0;39;1m-------> 50% EXECUTING [7s][m[34D[1B[1m> :core:jar[m[11D[1B[2A[0K
[1m> Task :core:jar[m[0K
Caching disabled for task ':core:jar' because:
  Build cache is disabled
  Not worth caching
Task ':core:jar' is not up-to-date because:
  Output property 'archiveFile' file C:\Users\denni\Desktop\Tarmin2\core\build\libs\core-1.0.0.jar has been removed.
file or directory 'C:\Users\denni\Desktop\Tarmin2\core\build\resources\main', not found
Resolve mutations for :lwjgl3:compileJava (Thread[Execution worker Thread 2,5,main]) started.
work action resolve core-1.0.0.jar (project :core) (Thread[Execution worker Thread 4,5,main]) started.
:lwjgl3:compileJava (Thread[Execution worker Thread 2,5,main]) started.
[0K
[0K
[2A[1m<[0;32;1m=======[0;39;1m------> 58% EXECUTING [7s][m[34D[1B[1m> :lwjgl3:compileJava > Resolve files of configuration ':lwjgl3:compileClasspat[m[79D[1B[1A[1m> :lwjgl3:compileJava[m[0K[21D[1B[2A[1m<[0;32;1m=======[0;39;1m------> 58% EXECUTING [8s][m[34D[2BelOffX)) / (float) spriteWidth;
                              ^
C:\Users\denni\Desktop\Tarmin2\core\src\main\java\com\bpm\minotaur\rendering\EntityRenderer.java:1128: warning: [cast] redundant cast to float
                float u = (float) (stripe - (screenX - spriteWidth / 2 + offX)) / (float) spriteWidth;
                          ^
3 warnings
C:\Users\denni\Desktop\Tarmin2\lwjgl3\src\main\java\com\bpm\minotaur\lwjgl3\SpawnDistributionTest.java:102: warning: [unchecked] unchecked cast
        WeightedRandomList<SpawnTableEntry> pool = (WeightedRandomList<SpawnTableEntry>) field.get(target);
                                                                                                  ^
  required: WeightedRandomList<SpawnTableEntry>
  found:    Object
C:\Users\denni\Desktop\Tarmin2\lwjgl3\src\main\java\com\bpm\minotaur\lwjgl3\SpawnDistributionTest.java:106: warning: [unchecked] unchecked cast
        java.util.List<SpawnTableEntry> items = (java.util.List<SpawnTableEntry>) itemsField.get(poo[2A[0K
[1m> Task :lwjgl3:compileJava[m[0K
Caching disabled for task ':lwjgl3:compileJava' because:
  Build cache is disabled
Task ':lwjgl3:compileJava' is not up-to-date because:
  Output property 'destinationDirectory' file C:\Users\denni\Desktop\Tarmin2\lwjgl3\build\classes\java\main has been removed.
  Output property 'destinationDirectory' file C:\Users\denni\Desktop\Tarmin2\lwjgl3\build\classes\java\main\com has been removed.
  Output property 'destinationDirectory' file C:\Users\denni\Desktop\Tarmin2\lwjgl3\build\classes\java\main\com\bpm has been removed.
  and more...
The input changes require a full rebuild for incremental task ':lwjgl3:compileJava'.
Compilation mode: in-process compilation
Full recompilation is required because no incremental change information is available. This is usually caused by clean builds or changing compiler arguments.
Compiling with toolchain 'C:\Users\denni\.jdks\ms-17.0.15'.
Compiling with JDK Java compiler API.
Class dependency analysis for incremental compilation took 0.003 secs.
Created classpath snapshot for incremental compilation in 0.014 secs.
Resolve mutations for :lwjgl3:generateAssetList (Thread[Execution worker Thread 2,5,main]) started.
:lwjgl3:generateAssetList (Thread[Execution worker Thread 2,5,main]) started.

[1m> Task :lwjgl3:generateAssetList[m[33m UP-TO-DATE[39m
Skipping task ':lwjgl3:generateAssetList' as it has no actions.
Resolve mutations for :lwjgl3:processResources (Thread[Execution worker Thread 2,5,main]) started.
:lwjgl3:processResources (Thread[Execution worker Thread 2,5,main]) started.
[0K
[0K
[2A[1m<[0;32;1m=========[0;39;1m----> 75% EXECUTING [8s][m[34D[1B[1m> :lwjgl3:processResources[m[26D[1B[2A[1m<[0;32;1m=========[0;39;1m----> 75% EXECUTING [9s][m[34D[2B[2A[1m<[0;32;1m=========[0;39;1m----> 75% EXECUTING [10s][m[35D[2B[2A[0K
[1m> Task :lwjgl3:processResources[m[0K
Caching disabled for task ':lwjgl3:processResources' because:
  Build cache is disabled
  Not worth caching
Task ':lwjgl3:processResources' is not up-to-date because:
  Output property 'destinationDir' file C:\Users\denni\Desktop\Tarmin2\lwjgl3\build\resources\main has been removed.
  Output property 'destinationDir' file C:\Users\denni\Desktop\Tarmin2\lwjgl3\build\resources\main\assets.txt has been removed.
  Output property 'destinationDir' file C:\Users\denni\Desktop\Tarmin2\lwjgl3\build\resources\main\data has been removed.
  and more...
[0K
[0K
[2A[1m<[0;32;1m=========[0;39;1m----> 75% EXECUTING [10s][m[35D[1B[1m> :lwjgl3:processResources[m[26D[1B[2AResolve mutations for :lwjgl3:classes (Thread[Execution worker Thread 2,5,main]) started.[0K
:lwjgl3:classes (Thread[Execution worker Thread 2,5,main]) started.[0K

[1m> Task :lwjgl3:classes[m
Skipping task ':lwjgl3:classes' as it has no actions.
Resolve mutations for :lwjgl3:run (Thread[Execution worker Thread 2,5,main]) started.
:lwjgl3:run (Thread[Execution worker Thread 2,5,main]) started.
[0K
[0K
[2A[1m<[0;32;1m===========[0;39;1m--> 91% EXECUTING [10s][m[35D[1B[1m> :lwjgl3:run[m[13D[1B[2A[1m<[0;32;1m===========[0;39;1m--> 91% EXECUTING [11s][m[35D[2B[2A[1m<[0;32;1m===========[0;39;1m--> 91% EXECUTING [12s][m[35D[2B[2A[0K
[1m> Task :lwjgl3:run[m[0K
Caching disabled for task ':lwjgl3:run' because:
  Build cache is disabled
Task ':lwjgl3:run' is not up-to-date because:
  Task has not declared any outputs despite executing actions.
Starting process 'command 'C:\Users\denni\.jdks\ms-17.0.15\bin\java.exe''. Working directory: C:\Users\denni\Desktop\Tarmin2 Command: C:\Users\denni\.jdks\ms-17.0.15\bin\java.exe -Dfile.encoding=UTF-8 -Duser.country=US -Duser.language=en -Duser.variant -cp C:\Users\denni\Desktop\Tarmin2\lwjgl3\build\classes\java\main;C:\Users\denni\Desktop\Tarmin2\lwjgl3\build\resources\main;C:\Users\denni\.gradle\caches\modules-2\files-2.1\com.badlogicgames.gdx\gdx-backend-lwjgl3\1.13.1\c8d8f1c3ccd17fe2202a1d581e179c4ba0ccc45d\gdx-backend-lwjgl3-1.13.1.jar;C:\Users\denni\.gradle\caches\modules-2\files-2.1\com.badlogicgames.gdx\gdx-platform\1.13.1\8493b7d917097a6d091db2554bf0056881f96738\gdx-platform-1.13.1-natives-desktop.jar;C:\Users\denni\.gradle\caches\modules-2\files-2.1\com.badlogicgames.gdx\gdx-bullet-platform\1.13.1\13998031dc35b99cdd663931995439e1b96627a\gdx-bullet-platform-1.13.1-natives-desktop.jar;C:\Users\denni\.gradle\caches\modules-2\files-2.1\org.bytedeco\ffmpeg-platform\6.1.1-1.5.10\fb412b4f7c97a3f7dd666e5941602cf9568b66c\ffmpeg-platform-6.1.1-1.5.10.jar;C:\Users\denni\.gradle\caches\modules-2\files-2.1\com.badlogicgames.gdx\gdx-tools\1.13.1\1b046c9f556bc2287384a379c867721196cb42a8\gdx-tools-1.13.1.jar;C:\Users\denni\.gradle\caches\modules-2\files-2.1\com.badlogicgames.gdx\gdx-backend-headless\1.13.1\818391702c8eca9d3d710fad2d20d26c31f3475a\gdx-backend-headless-1.13.1.jar;C:\Users\denni\Desktop\Tarmin2\core\build\libs\core-1.0.0.jar;C:\Users\denni\.gradle\caches\modules-2\files-2.1\com.badlogicgames.gdx\gdx-backend-lwjgl\1.13.1\76be05b1d8c913e7514e0c8a73af9f514bd3555d\gdx-backend-lwjgl-1.13.1.jar;C:\Users\denni\.gradle\caches\modules-2\files-2.1\com.badlogicgames.gdx\gdx-freetype\1.13.1\a386c9b7a10b28f91b2de47f66b12c23a2c3abc2\gdx-freetype-1.13.1.jar;C:\Users\denni\.gradle\caches\modules-2\files-2.1\com.badlogicgames.gdx\gdx-bullet\1.13.1\fe326b903c61b6c47307572ae8d1f1c8ef00269b\gdx-bullet-1.13.1.jar;C:\Users\denni\.gradle\caches\modules-2\files-2.1\com.badlogicgames.gdx\gdx\1.13.1\734d9a5ca877bbce0c595dbdc3165fe6a22b7a30\gdx-1.13.1.jar;C:\Users\denni\.gradle\caches\modules-2\files-2.1\org.lwjgl\lwjgl-glfw\3.3.3\efa1eb78c5ccd840e9f329717109b5e892d72f8e\lwjgl-glfw-3.3.3.jar;C:\Users\denni\.gradle\caches\modules-2\files-2.1\org.lwjgl\lwjgl-glfw\3.3.3\a03684c5e4b1b1dbbe0d29dbbdc27b985b6840f2\lwjgl-glfw-3.3.3-natives-linux.jar;C:\Users\denni\.gradle\caches\modules-2\files-2.1\org.lwjgl\lwjgl-glfw\3.3.3\d9af485c32545b37dd5359b163161d42d7534dcf\lwjgl-glfw-3.3.3-natives-linux-arm32.jar;C:\Users\denni\.gradle\caches\modules-2\files-2.1\org.lwjgl\lwjgl-glfw\3.3.3\492a0f11f85b85899a6568f07511160c1b87cd38\lwjgl-glfw-3.3.3-natives-linux-arm64.jar;C:\Users\denni\.gradle\caches\modules-2\files-2.1\org.lwjgl\lwjgl-glfw\3.3.3\a1bf400f6bc64e6195596cb1430dafda46090751\lwjgl-glfw-3.3.3-natives-macos.jar;C:\Users\denni\.gradle\caches\modules-2\files-2.1\org.lwjgl\lwjgl-glfw\3.3.3\ee8cc78d0a4a5b3b4600fade6d927c9fc320c858\lwjgl-glfw-3.3.3-natives-macos-arm64.jar;C:\Users\denni\.gradle\caches\modules-2\files-2.1\org.lwjgl\lwjgl-glfw\3.3.3\e449e28b4891fc423c54c85fbc5bb0b9efece67a\lwjgl-glfw-3.3.3-natives-windows.jar;C:\Users\denni\.gradle\caches\modules-2\files-2.1\org.lwjgl\lwjgl-glfw\3.3.3\32334f3fd5270a59bad9939a93115acb6de36dcf\lwjgl-glfw-3.3.3-natives-windows-x86.jar;C:\Users\denni\.gradle\caches\modules-2\files-2.1\org.lwjgl\lwjgl-jemalloc\3.3.3\b543467b7ff3c6920539a88ee602d34098628be5\lwjgl-jemalloc-3.3.3.jar;C:\Users\denni\.gradle\caches\modules-2\files-2.1\org.lwjgl\lwjgl-jemalloc\3.3.3\4f86728bf449b1dd61251c4e0ac01df1389cb51e\lwjgl-jemalloc-3.3.3-natives-linux.jar;C:\Users\denni\.gradle\caches\modules-2\files-2.1\org.lwjgl\lwjgl-jemalloc\3.3.3\109b6931880d02d4e65ced38928a16e41d19873e\lwjgl-jemalloc-3.3.3-natives-linux-arm32.jar;C:\Users\denni\.gradle\caches\modules-2\files-2.1\org.lwjgl\lwjgl-jemalloc\3.3.3\eff8b86798191192fe2cba2dc2776109f30c239d\lwjgl-jemalloc-3.3.3-natives-linux-arm64.jar;C:\Users\denni\.gradle\caches\modules-2\files-2.1\org.lwjgl\lwjgl-jemalloc\3.3.3\2906637657a57579847238c9c72d2c4bde7083f8\lwjgl-jemalloc-3.3.3-natives-macos.jar;C:\Users\denni\.gradle\caches\modules-2\files-2.1\org.lwjgl\lwjgl-jemalloc\3.3.3\e9412c3ff8cb3a3bad1d3f52909ad74d8a5bdad1\lwjgl-jemalloc-3.3.3-natives-macos-arm64.jar;C:\Users\denni\.gradle\caches\modules-2\files-2.1\org.lwjgl\lwjgl-jemalloc\3.3.3\426222fc027602a5f21b9c0fe79cde6a4c7a011f\lwjgl-jemalloc-3.3.3-natives-windows.jar;C:\Users\denni\.gradle\caches\modules-2\files-2.1\org.lwjgl\lwjgl-jemalloc\3.3.3\f6063b6e0f23be483c5c88d84ce51b39dc69126c\lwjgl-jemalloc-3.3.3-natives-windows-x86.jar;C:\Users\denni\.gradle\caches\modules-2\files-2.1\org.lwjgl\lwjgl-openal\3.3.3\daada81ceb5fc0c291fbfdd4433cb8d9423577f2\lwjgl-openal-3.3.3.jar;C:\Users\denni\.gradle\caches\modules-2\files-2.1\org.lwjgl\lwjgl-openal\3.3.3\3037360cc4595079bea240af250b6d1a527e0905\lwjgl-openal-3.3.3-natives-linux.jar;C:\Users\denni\.gradle\caches\modules-2\files-2.1\org.lwjgl\lwjgl-openal\3.3.3\e1702aa09d20359d6cf5cb2999fa7685a785eca7\lwjgl-openal-3.3.3-natives-linux-arm32.jar;C:\Users\denni\.gradle\caches\modules-2\files-2.1\org.lwjgl\lwjgl-openal\3.3.3\ad8f302118a65bb8d615f8a2a680db58fb8f835e\lwjgl-openal-3.3.3-natives-linux-arm64.jar;C:\Users\denni\.gradle\caches\modules-2\files-2.1\org.lwjgl\lwjgl-openal\3.3.3\8df8338bfa77f2ebabef4e58964bd04d24805cbf\lwjgl-openal-3.3.3-natives-macos.jar;C:\Users\denni\.gradle\caches\modules-2\files-2.1\org.lwjgl\lwjgl-openal\3.3.3\c78b078de2fb52f45aa55d04db889a560f3544f\lwjgl-openal-3.3.3-natives-macos-arm64.jar;C:\Users\denni\.gradle\caches\modules-2\files-2.1\org.lwjgl\lwjgl-openal\3.3.3\cf83862ae95d98496b26915024c7e666d8ab1c8f\lwjgl-openal-3.3.3-natives-windows.jar;C:\Users\denni\.gradle\caches\modules-2\files-2.1\org.lwjgl\lwjgl-openal\3.3.3\87b8d5050e3adb46bb58fe1cb2669a4a48fce10d\lwjgl-openal-3.3.3-natives-windows-x86.jar;C:\Users\denni\.gradle\caches\modules-2\files-2.1\org.lwjgl\lwjgl-opengl\3.3.3\2f6b0147078396a58979125a4c947664e98293a\lwjgl-opengl-3.3.3.jar;C:\Users\denni\.gradle\caches\modules-2\files-2.1\org.lwjgl\lwjgl-opengl\3.3.3\62c70a4b00ca5391882b0f4b787c1588d24f1c86\lwjgl-opengl-3.3.3-natives-linux.jar;C:\Users\denni\.gradle\caches\modules-2\files-2.1\org.lwjgl\lwjgl-opengl\3.3.3\dbba17fc5ac0985d14a57c11f9537617d67b9952\lwjgl-opengl-3.3.3-natives-linux-arm32.jar;C:\Users\denni\.gradle\caches\modules-2\files-2.1\org.lwjgl\lwjgl-opengl\3.3.3\2096f6b94b2d68745d858fbfe53aacf5f0c8074c\lwjgl-opengl-3.3.3-natives-linux-arm64.jar;C:\Users\denni\.gradle\caches\modules-2\files-2.1\org.lwjgl\lwjgl-opengl\3.3.3\1bd45997551ae8a28469f3a2b678f4b7289e12c0\lwjgl-opengl-3.3.3-natives-macos.jar;C:\Users\denni\.gradle\caches\modules-2\files-2.1\org.lwjgl\lwjgl-opengl\3.3.3\d213ddef27637b1af87961ffa94d6b27036becc8\lwjgl-opengl-3.3.3-natives-macos-arm64.jar;C:\Users\denni\.gradle\caches\modules-2\files-2.1\org.lwjgl\lwjgl-opengl\3.3.3\e6c1eec8be8a71951b830a4d69efc01c6531900c\lwjgl-opengl-3.3.3-natives-windows.jar;C:\Users\denni\.gradle\caches\modules-2\files-2.1\org.lwjgl\lwjgl-opengl\3.3.3\d32d833dcaa2f355a886eaf21f0408b5f03241d\lwjgl-opengl-3.3.3-natives-windows-x86.jar;C:\Users\denni\.gradle\caches\modules-2\files-2.1\org.lwjgl\lwjgl-stb\3.3.3\25dd6161988d7e65f71d5065c99902402ee32746\lwjgl-stb-3.3.3.jar;C:\Users\denni\.gradle\caches\modules-2\files-2.1\org.lwjgl\lwjgl-stb\3.3.3\fd1271ccd9d85eff2fa31f3fd543e02ccfaf5041\lwjgl-stb-3.3.3-natives-linux.jar;C:\Users\denni\.gradle\caches\modules-2\files-2.1\org.lwjgl\lwjgl-stb\3.3.3\1ae28ff044699ff29b0e980ffabd73fba8a664b3\lwjgl-stb-3.3.3-natives-linux-arm32.jar;C:\Users\denni\.gradle\caches\modules-2\files-2.1\org.lwjgl\lwjgl-stb\3.3.3\ddc177afc2be1ee8d93684b11363b80589a13fe1\lwjgl-stb-3.3.3-natives-linux-arm64.jar;C:\Users\denni\.gradle\caches\modules-2\files-2.1\org.lwjgl\lwjgl-stb\3.3.3\472792c98fb2c1557c060cb9da5fca6a9773621f\lwjgl-stb-3.3.3-natives-macos.jar;C:\Users\denni\.gradle\caches\modules-2\files-2.1\org.lwjgl\lwjgl-stb\3.3.3\51c6955571fbcdb7bb538c6aa589b953b584c6af\lwjgl-stb-3.3.3-natives-macos-arm64.jar;C:\Users\denni\.gradle\caches\modules-2\files-2.1\org.lwjgl\lwjgl-stb\3.3.3\1d9facdf6541de114b0f963be33505b7679c78cb\lwjgl-stb-3.3.3-natives-windows.jar;C:\Users\denni\.gradle\caches\modules-2\files-2.1\org.lwjgl\lwjgl-stb\3.3.3\b5c874687b9aac1a936501d4ed2c49567fd1b575\lwjgl-stb-3.3.3-natives-windows-x86.jar;C:\Users\denni\.gradle\caches\modules-2\files-2.1\org.lwjgl\lwjgl\3.3.3\29589b5f87ed335a6c7e7ee6a5775f81f97ecb84\lwjgl-3.3.3.jar;C:\Users\denni\.gradle\caches\modules-2\files-2.1\org.lwjgl\lwjgl\3.3.3\1713758e3660ba66e1e954396fd18126038b33c0\lwjgl-3.3.3-natives-linux.jar;C:\Users\denni\.gradle\caches\modules-2\files-2.1\org.lwjgl\lwjgl\3.3.3\2075c51a80f0ef0f22ba616ba54007ac2b0debd4\lwjgl-3.3.3-natives-linux-arm32.jar;C:\Users\denni\.gradle\caches\modules-2\files-2.1\org.lwjgl\lwjgl\3.3.3\f35d8b6ffe1ac1e3a5eb1d4e33de80f044ad5fd8\lwjgl-3.3.3-natives-linux-arm64.jar;C:\Users\denni\.gradle\caches\modules-2\files-2.1\org.lwjgl\lwjgl\3.3.3\33a6efa288390490ce6eb6c3df47ac21ecf648cf\lwjgl-3.3.3-natives-macos.jar;C:\Users\denni\.gradle\caches\modules-2\files-2.1\org.lwjgl\lwjgl\3.3.3\226246e75f6bd8d4e1895bdce8638ef87808d114\lwjgl-3.3.3-natives-macos-arm64.jar;C:\Users\denni\.gradle\caches\modules-2\files-2.1\org.lwjgl\lwjgl\3.3.3\a5ed18a2b82fc91b81f40d717cb1f64c9dcb0540\lwjgl-3.3.3-natives-windows.jar;C:\Users\denni\.gradle\caches\modules-2\files-2.1\org.lwjgl\lwjgl\3.3.3\9e670718e050aeaeea0c2d5b907cffb142f2e58f\lwjgl-3.3.3-natives-windows-x86.jar;C:\Users\denni\.gradle\caches\modules-2\files-2.1\com.badlogicgames.jlayer\jlayer\1.0.1-gdx\7cca83cec5c1b2f011362f4d85aabd71a73b049d\jlayer-1.0.1-gdx.jar;C:\Users\denni\.gradle\caches\modules-2\files-2.1\org.jcraft\jorbis\0.0.17\8872d22b293e8f5d7d56ff92be966e6dc28ebdc6\jorbis-0.0.17.jar;C:\Users\denni\.gradle\caches\modules-2\files-2.1\org.bytedeco\javacpp-platform\1.5.10\93c45ea62aecd09325a35144191d6221e4b28f5c\javacpp-platform-1.5.10.jar;C:\Users\denni\.gradle\caches\modules-2\files-2.1\org.bytedeco\javacv\1.5.10\69d5da376ad6794f104ee50b618012dd80609757\javacv-1.5.10.jar;C:\Users\denni\.gradle\caches\modules-2\files-2.1\org.bytedeco\ffmpeg\6.1.1-1.5.10\552c3761db2e98fb1ab8fb2617640db2335c8a9\ffmpeg-6.1.1-1.5.10.jar;C:\Users\denni\.gradle\caches\modules-2\files-2.1\org.bytedeco\ffmpeg\6.1.1-1.5.10\6c91edd05ebe3490e8f0032b7dfda41dcc08b54c\ffmpeg-6.1.1-1.5.10-android-arm64.jar;C:\Users\denni\.gradle\caches\modules-2\files-2.1\org.bytedeco\ffmpeg\6.1.1-1.5.10\570f61f9184abaca278389e6bf7ab1aa2d4b56f8\ffmpeg-6.1.1-1.5.10-android-x86_64.jar;C:\Users\denni\.gradle\caches\modules-2\files-2.1\org.bytedeco\ffmpeg\6.1.1-1.5.10\c1163b90f929ecb7645eb2fd5b1b37b7dbf7fd54\ffmpeg-6.1.1-1.5.10-linux-x86_64.jar;C:\Users\denni\.gradle\caches\modules-2\files-2.1\org.bytedeco\ffmpeg\6.1.1-1.5.10\ee36360a198bc74fdb56f8f5ead82850fef6444a\ffmpeg-6.1.1-1.5.10-linux-arm64.jar;C:\Users\denni\.gradle\caches\modules-2\files-2.1\org.bytedeco\ffmpeg\6.1.1-1.5.10\61ba9eadcf30589abf3f35e84c2fd3a8cc5d23a6\ffmpeg-6.1.1-1.5.10-linux-ppc64le.jar;C:\Users\denni\.gradle\caches\modules-2\files-2.1\org.bytedeco\ffmpeg\6.1.1-1.5.10\366cbcf4319462092cae87ec7a3fbff4eb1e17be\ffmpeg-6.1.1-1.5.10-macosx-arm64.jar;C:\Users\denni\.gradle\caches\modules-2\files-2.1\org.bytedeco\ffmpeg\6.1.1-1.5.10\4e48df2da2887b462374a65a8be531a5818c1679\ffmpeg-6.1.1-1.5.10-macosx-x86_64.jar;C:\Users\denni\.gradle\caches\modules-2\files-2.1\org.bytedeco\ffmpeg\6.1.1-1.5.10\36756dcfedb5cda1f31e273d02c3246ca5cae611\ffmpeg-6.1.1-1.5.10-windows-x86_64.jar;C:\Users\denni\.gradle\caches\modules-2\files-2.1\com.badlogicgames.gdx\gdx-freetype-platform\1.13.1\7e81d0eb330b7bbbb307cd1a0dc2648648b42b94\gdx-freetype-platform-1.13.1-natives-desktop.jar;C:\Users\denni\.gradle\caches\modules-2\files-2.1\com.badlogicgames.gdx\gdx-jnigen-loader\2.5.2\f35e90affe07c46b4f5e5958a1a4c1820c4890e2\gdx-jnigen-loader-2.5.2.jar;C:\Users\denni\.gradle\caches\modules-2\files-2.1\org.bytedeco\opencv\4.9.0-1.5.10\dfce17ed2de05d981eb33eb8c35289274a1e5d3d\opencv-4.9.0-1.5.10.jar;C:\Users\denni\.gradle\caches\modules-2\files-2.1\org.bytedeco\openblas\0.3.26-1.5.10\b710fa01b81b9118a7296c7e0d8972e1e6a336c7\openblas-0.3.26-1.5.10.jar;C:\Users\denni\.gradle\caches\modules-2\files-2.1\org.bytedeco\flycapture\2.13.3.31-1.5.9\c653e61d46ebe5a5c0e71c17681f126320422f4\flycapture-2.13.3.31-1.5.9.jar;C:\Users\denni\.gradle\caches\modules-2\files-2.1\org.bytedeco\libdc1394\2.2.6-1.5.9\fa32142e37d3be048b64fb52ca51deca6d5de667\libdc1394-2.2.6-1.5.9.jar;C:\Users\denni\.gradle\caches\modules-2\files-2.1\org.bytedeco\libfreenect\0.5.7-1.5.9\16c037cd4f9e9f35a8e88fea29979e96b711f6ff\libfreenect-0.5.7-1.5.9.jar;C:\Users\denni\.gradle\caches\modules-2\files-2.1\org.bytedeco\libfreenect2\0.2.0-1.5.9\2008343f5ea8bbbf1d516bf630a2656c91711a9\libfreenect2-0.2.0-1.5.9.jar;C:\Users\denni\.gradle\caches\modules-2\files-2.1\org.bytedeco\librealsense\1.12.4-1.5.9\27fb41a9d834522fb6d3acd56defbe56ccfb45e1\librealsense-1.12.4-1.5.9.jar;C:\Users\denni\.gradle\caches\modules-2\files-2.1\org.bytedeco\librealsense2\2.53.1-1.5.9\3123b090f70551bbf78bb973b2ee6d555c2efe5e\librealsense2-2.53.1-1.5.9.jar;C:\Users\denni\.gradle\caches\modules-2\files-2.1\org.bytedeco\videoinput\0.200-1.5.9\296ef2dc4f171920b3c8dc50efb9db6e915a1bd2\videoinput-0.200-1.5.9.jar;C:\Users\denni\.gradle\caches\modules-2\files-2.1\org.bytedeco\artoolkitplus\2.3.1-1.5.9\af6a8e3a14873b7de80d632e06eb0b3c9cc00c86\artoolkitplus-2.3.1-1.5.9.jar;C:\Users\denni\.gradle\caches\modules-2\files-2.1\org.bytedeco\tesseract\5.3.4-1.5.10\28f50172dc0995ebf5eeb9e420f5d848069e7542\tesseract-5.3.4-1.5.10.jar;C:\Users\denni\.gradle\caches\modules-2\files-2.1\org.bytedeco\leptonica\1.84.1-1.5.10\cd94cc1b28d160280cb7caa6d9c83dc03bbc0991\leptonica-1.84.1-1.5.10.jar;C:\Users\denni\.gradle\caches\modules-2\files-2.1\org.bytedeco\javacpp\1.5.10\afb6ae145e7563c66b677cb4896dd0197d49fce6\javacpp-1.5.10.jar;C:\Users\denni\.gradle\caches\modules-2\files-2.1\org.bytedeco\javacpp\1.5.10\ab5d3badd1f79925ad858ada6f500915ea3b58b6\javacpp-1.5.10-android-arm64.jar;C:\Users\denni\.gradle\caches\modules-2\files-2.1\org.bytedeco\javacpp\1.5.10\70e7f6862d92d4fa915b6fcb20779ab7ef5a1136\javacpp-1.5.10-android-x86_64.jar;C:\Users\denni\.gradle\caches\modules-2\files-2.1\org.bytedeco\javacpp\1.5.10\895ae3a0d5059c4e725f761930a5c1716c332a5c\javacpp-1.5.10-ios-arm64.jar;C:\Users\denni\.gradle\caches\modules-2\files-2.1\org.bytedeco\javacpp\1.5.10\a64ecfc07d022d74f291145e7552ef949c810e13\javacpp-1.5.10-ios-x86_64.jar;C:\Users\denni\.gradle\caches\modules-2\files-2.1\org.bytedeco\javacpp\1.5.10\4ed43f715b28bfe22c721b048d887f550eff5108\javacpp-1.5.10-linux-arm64.jar;C:\Users\denni\.gradle\caches\modules-2\files-2.1\org.bytedeco\javacpp\1.5.10\8d658c11b266afa8aa48995be6b4219733f03fdd\javacpp-1.5.10-linux-ppc64le.jar;C:\Users\denni\.gradle\caches\modules-2\files-2.1\org.bytedeco\javacpp\1.5.10\3648159c3165fd41b65229e6c20e47a021b0d24b\javacpp-1.5.10-linux-x86_64.jar;C:\Users\denni\.gradle\caches\modules-2\files-2.1\org.bytedeco\javacpp\1.5.10\59a8dfe3ccd3dc501b50e9f5363abc2778874478\javacpp-1.5.10-macosx-arm64.jar;C:\Users\denni\.gradle\caches\modules-2\files-2.1\org.bytedeco\javacpp\1.5.10\86e917e54c8d9b903410edc865912f653eaa947a\javacpp-1.5.10-macosx-x86_64.jar;C:\Users\denni\.gradle\caches\modules-2\files-2.1\org.bytedeco\javacpp\1.5.10\74b7b5dffb083c2ca322ddbff86b710db95abf6b\javacpp-1.5.10-windows-x86_64.jar;C:\Users\denni\.gradle\caches\modules-2\files-2.1\org.lwjgl.lwjgl\lwjgl\2.9.3\3df168ac74e4a8c96562cdff24ad352e255bf89c\lwjgl-2.9.3.jar;C:\Users\denni\.gradle\caches\modules-2\files-2.1\org.lwjgl.lwjgl\lwjgl-platform\2.9.3\fbc2afb3e288578e9942578decb6291a490549a0\lwjgl-platform-2.9.3-natives-windows.jar;C:\Users\denni\.gradle\caches\modules-2\files-2.1\org.lwjgl.lwjgl\lwjgl-platform\2.9.3\b1eafe80093381c56415731e1d64279e6140bcd0\lwjgl-platform-2.9.3-natives-linux.jar;C:\Users\denni\.gradle\caches\modules-2\files-2.1\org.lwjgl.lwjgl\lwjgl-platform\2.9.3\6686cf6ddaa20b4290aa6599a09bc0d17369be05\lwjgl-platform-2.9.3-natives-osx.jar;C:\Users\denni\.gradle\caches\modules-2\files-2.1\net.java.jinput\jinput\2.0.5\39c7796b469a600f72380316f6b1f11db6c2c7c4\jinput-2.0.5.jar;C:\Users\denni\.gradle\caches\modules-2\files-2.1\net.java.jutils\jutils\1.0.0\e12fe1fda814bd348c1579329c86943d2cd3c6a6\jutils-1.0.0.jar;C:\Users\denni\.gradle\caches\modules-2\files-2.1\net.jal);
                                                                                                ^
  required: List<SpawnTableEntry>
  found:    Object
2 warnings
[ItemDataManager] No JSON data found for item type: BOW
[ItemDataManager] No JSON data found for item type: CROSSBOW
[ItemDataManager] No JSON data found for item type: KNIFE
[ItemDataManager] No JSON data found for item type: AXE
[ItemDataManager] No JSON data found for item type: DART
[ItemDataManager] No JSON data found for item type: SPEAR
[ItemDataManager] No JSON data found for item type: BOOK
[ItemDataManager] No JSON data found for item type: SMALL_FIREBALL
[ItemDataManager] No JSON data found for item type: LARGE_FIREBALL
[ItemDataManager] No JSON data found for item type: SMALL_LIGHTNING
[ItemDataManager] No JSON data found for item type: LARGE_LIGHTNING
[ItemDataManager] No JSON data found for item type: SMALL_SHIELD
[ItemDataManager] No JSON data found for item type: LARGE_SHIELD
[ItemDataManager] No JSON data found for item type: GAUNTLETS
[ItemDataManager] No JSON data found for item type: HAUBERK
[ItemDataManager] No JSON data found for item type: BREASTPLATE
[ItemDataManager] No JSON data found for item type: HELMET
[ItemDataManager] No JSON data found for item type: BOOTS
[ItemDataManager] No JSON data found for item type: LEGS
[ItemDataManager] No JSON data found for item type: ARMS
[ItemDataManager] No JSON data found for item type: EYES
[ItemDataManager] No JSON data found for item type: CLOAK
[ItemDataManager] No JSON data found for item type: RING
[ItemDataManager] No JSON data found for item type: SHIELD
[ItemDataManager] No JSON data found for item type: BACKPACK
[ItemDataManager] No JSON data found for item type: SWORD
[ItemDataManager] No JSON data found for item type: TWO_HANDED_SWORD
[ItemDataManager] No JSON data found for item type: RUSTY_SWORD
[ItemDataManager] No JSON data found for item type: ALHULAK
[ItemDataManager] No JSON data found for item type: ANKUS_ELEPHANT_GOAD
[ItemDataManager] No JSON data found for item type: ARQUEBUS
[ItemDataManager] No JSON data found for item type: ARROW_DAIKYU
[ItemDataManager] No JSON data found for item type: ARROW_FLIGHT
[ItemDataManager] No JSON data found for item type: ARROW_FORGET
[ItemDataManager] No JSON data found for item type: ARROW_GIANT_KIN
[ItemDataManager] No JSON data found for item type: ARROW_KENYAN
[ItemDataManager] No JSON data found for item type: ARROW_MAIL_PIERCER
[ItemDataManager] No JSON data found for item type: ARROW_SHEAF
[ItemDataManager] No JSON data found for item type: ARROW_SLEEP
[ItemDataManager] No JSON data found for item type: ARROW_STONE_FLIGHT
[ItemDataManager] No JSON data found for item type: ARROW_WAR
[ItemDataManager] No JSON data found for item type: ASSEGAI
[ItemDataManager] No JSON data found for item type: AXE_BATTLE
[ItemDataManager] No JSON data found for item type: AXE_FOREARM
[ItemDataManager] No JSON data found for item type: AXE_HAND_THROWING
[ItemDataManager] No JSON data found for item type: AXE_TWO_HANDED_BATTLE
[ItemDataManager] No JSON data found for item type: BAGH_NAKH_TIGER_CLAWS
[ItemDataManager] No JSON data found for item type: BARDS_FRIEND
[ItemDataManager] No JSON data found for item type: BASILARD
[ItemDataManager] No JSON data found for item type: BELAYING_PIN
[ItemDataManager] No JSON data found for item type: BLOWGUN
[ItemDataManager] No JSON data found for item type: BLOWGUN_BARBED_DART
[ItemDataManager] No JSON data found for item type: BLOWGUN_NEEDLE
[ItemDataManager] No JSON data found for item type: BLUNDERBUS
[ItemDataManager] No JSON data found for item type: BO_STICK
[ItemDataManager] No JSON data found for item type: BOLA
[ItemDataManager] No JSON data found for item type: BOW_COMPOSITE_LONG
[ItemDataManager] No JSON data found for item type: BOW_COMPOSITE_SHORT
[ItemDataManager] No JSON data found for item type: BOW_ELVEN
[ItemDataManager] No JSON data found for item type: BOW_FOLDING_SHORT
[ItemDataManager] No JSON data found for item type: BOW_GIANT_KIN_LONG
[ItemDataManager] No JSON data found for item type: BOW_KENYAN_LONG
[ItemDataManager] No JSON data found for item type: BOW_LONG
[ItemDataManager] No JSON data found for item type: BOW_PIXIE
[ItemDataManager] No JSON data found for item type: BOW_SHORT
[ItemDataManager] No JSON data found for item type: BUCKLER_SPIKED
[ItemDataManager] No JSON data found for item type: CAHULAKS
[ItemDataManager] No JSON data found for item type: CALTROP
[ItemDataManager] No JSON data found for item type: CARRIKAL
[ItemDataManager] No JSON data found for item type: CAVILER
[ItemDataManager] No JSON data found for item type: CESTUS
[ItemDataManager] No JSON data found for item type: CHAIN
[ItemDataManager] No JSON data found for item type: CHAKRAM
[ItemDataManager] No JSON data found for item type: CHATKCHA
[ItemDataManager] No JSON data found for item type: CLUB
[ItemDataManager] No JSON data found for item type: CLUB_DATCHI
[ItemDataManager] No JSON data found for item type: CLUB_DWARVEN_WAR
[ItemDataManager] No JSON data found for item type: CLUB_GREAT
[ItemDataManager] No JSON data found for item type: CLUB_RIM
[ItemDataManager] No JSON data found for item type: CROSSBOW_DISK
[ItemDataManager] No JSON data found for item type: CROSSBOW_DOUBLED
[ItemDataManager] No JSON data found for item type: CROSSBOW_HAND
[ItemDataManager] No JSON data found for item type: CROSSBOW_HEAVY
[ItemDataManager] No JSON data found for item type: CROSSBOW_LIGHT
[ItemDataManager] No JSON data found for item typeva.jinput\jinput-platform\2.0.5\7ff832a6eb9ab6a767f1ade2b548092d0fa64795\jinput-platform-2.0.5-natives-linux.jar;C:\Users\denni\.gradle\caches\modules-2\files-2.1\net.java.jinput\jinput-platform\2.0.5\385ee093e01f587f30ee1c8a2ee7d408fd732e16\jinput-platform-2.0.5-natives-windows.jar;C:\Users\denni\.gradle\caches\modules-2\files-2.1\net.java.jinput\jinput-platform\2.0.5\53f9c919f34d2ca9de8c51fc4e1e8282029a9232\jinput-platform-2.0.5-natives-osx.jar com.bpm.minotaur.lwjgl3.Lwjgl3Launcher
Successfully started process 'command 'C:\Users\denni\.jdks\ms-17.0.15\bin\java.exe''
[BALANCE_LOG] SESSION: Engine Start. Initializing systems...
[DoomManager] Loaded Doom State. Deaths: 3
[BALANCE_LOG] DoomManager: Loaded Doom State. Deaths: 3
[MonsterDataManager] Loaded 44 monster templates.
[BALANCE_LOG] MonsterDataManager: Loaded 44 monster templates.
[BALANCE_LOG] ERROR: [ItemDataManager] No JSON data found for item type: BOW
[BALANCE_LOG] ERROR: [ItemDataManager] No JSON data found for item type: CROSSBOW
[BALANCE_LOG] ERROR: [ItemDataManager] No JSON data found for item type: KNIFE
[BALANCE_LOG] ERROR: [ItemDataManager] No JSON data found for item type: AXE
[BALANCE_LOG] ERROR: [ItemDataManager] No JSON data found for item type: DART
[BALANCE_LOG] ERROR: [ItemDataManager] No JSON data found for item type: SPEAR
[BALANCE_LOG] ERROR: [ItemDataManager] No JSON data found for item type: BOOK
[BALANCE_LOG] ERROR: [ItemDataManager] No JSON data found for item type: SMALL_FIREBALL
[BALANCE_LOG] ERROR: [ItemDataManager] No JSON data found for item type: LARGE_FIREBALL
[BALANCE_LOG] ERROR: [ItemDataManager] No JSON data found for item type: SMALL_LIGHTNING
[BALANCE_LOG] ERROR: [ItemDataManager] No JSON data found for item type: LARGE_LIGHTNING
[BALANCE_LOG] ERROR: [ItemDataManager] No JSON data found for item type: SMALL_SHIELD
[BALANCE_LOG] ERROR: [ItemDataManager] No JSON data found for item type: LARGE_SHIELD
[BALANCE_LOG] ERROR: [ItemDataManager] No JSON data found for item type: GAUNTLETS
[BALANCE_LOG] ERROR: [ItemDataManager] No JSON data found for item type: HAUBERK
[BALANCE_LOG] ERROR: [ItemDataManager] No JSON data found for item type: BREASTPLATE
[BALANCE_LOG] ERROR: [ItemDataManager] No JSON data found for item type: HELMET
[BALANCE_LOG] ERROR: [ItemDataManager] No JSON data found for item type: BOOTS
[BALANCE_LOG] ERROR: [ItemDataManager] No JSON data found for item type: LEGS
[BALANCE_LOG] ERROR: [ItemDataManager] No JSON data found for item type: ARMS
[BALANCE_LOG] ERROR: [ItemDataManager] No JSON data found for item type: EYES
[BALANCE_LOG] ERROR: [ItemDataManager] No JSON data found for item type: CLOAK
[BALANCE_LOG] ERROR: [ItemDataManager] No JSON data found for item type: RING
[BALANCE_LOG] ERROR: [ItemDataManager] No JSON data found for item type: SHIELD
[BALANCE_LOG] ERROR: [ItemDataManager] No JSON data found for item type: BACKPACK
[BALANCE_LOG] ERROR: [ItemDataManager] No JSON data found for item type: SWORD
[BALANCE_LOG] ERROR: [ItemDataManager] No JSON data found for item type: TWO_HANDED_SWORD
[BALANCE_LOG] ERROR: [ItemDataManager] No JSON data found for item type: RUSTY_SWORD
[BALANCE_LOG] ERROR: [ItemDataManager] No JSON data found for item type: ALHULAK
[BALANCE_LOG] ERROR: [ItemDataManager] No JSON data found for item type: ANKUS_ELEPHANT_GOAD
[BALANCE_LOG] ERROR: [ItemDataManager] No JSON data found for item type: ARQUEBUS
[BALANCE_LOG] ERROR: [ItemDataManager] No JSON data found for item type: ARROW_DAIKYU
[BALANCE_LOG] ERROR: [ItemDataManager] No JSON data found for item type: ARROW_FLIGHT
[BALANCE_LOG] ERROR: [ItemDataManager] No JSON data found for item type: ARROW_FORGET
[BALANCE_LOG] ERROR: [ItemDataManager] No JSON data found for item type: ARROW_GIANT_KIN
[BALANCE_LOG] ERROR: [ItemDataManager] No JSON data found for item type: ARROW_KENYAN
[BALANCE_LOG] ERROR: [ItemDataManager] No JSON data found for item type: ARROW_MAIL_PIERCER
[BALANCE_LOG] ERROR: [ItemDataManager] No JSON data found for item type: ARROW_SHEAF
[BALANCE_LOG] ERROR: [ItemDataManager] No JSON data found for item type: ARROW_SLEEP
[BALANCE_LOG] ERROR: [ItemDataManager] No JSON data found for item type: ARROW_STONE_FLIGHT
[BALANCE_LOG] ERROR: [ItemDataManager] No JSON data found for item type: ARROW_WAR
[BALANCE_LOG] ERROR: [ItemDataManager] No JSON data found for item type: ASSEGAI
[BALANCE_LOG] ERROR: [ItemDataManager] No JSON data found for item type: AXE_BATTLE
[BALANCE_LOG] ERROR: [ItemDataManager] No JSON data found for item type: AXE_FOREARM
[BALANCE_LOG] ERROR: [ItemDataManager] No JSON data found for item type: AXE_HAND_THROWING
[BALANCE_LOG] ERROR: [ItemDataManager] No JSON data found for item type: AXE_TWO_HANDED_BATTLE
[BALANCE_LOG] ERROR: [ItemDataManager] No JSON data found for item type: BAGH_NAKH_TIGER_CLAWS
[BALANCE_LOG] ERROR: [ItemDataManager] No JSON data found for item type: BARDS_FRIEND
[BALANCE_LOG] ERROR: [ItemDataManager] No JSON data found for item type: BASILARD
[BALANCE_LOG] ERROR: [ItemDataManager] No JSON data found for item type: BELAYING_PIN
[BALANCE_LOG] ERROR: [ItemDataManager] No JSON data found for item type: BLOWGUN
[BALANCE_LOG] ERROR: [ItemDataManager] No JSON data found for item type: BLOWGUN_BARBED_DART
[BALANCE_LOG] ERROR: [ItemDataManager] No JSON data found for item type: BLOWGUN_NEEDLE
[BALANCE_LOG] ERROR: [ItemDataManager] No JSON data found for item type: BLUNDERBUS
[BALANCE_LOG] ERROR: [ItemDataManager] No JSON data found for item type: BO_STICK
[BALANCE_LOG] ERROR: [ItemDataManager] No JSON data found for item type: BOLA
[BALANCE_LOG] ERROR: [ItemDataManager] No JSON data found for item type: BOW_COMPOSITE_LONG
[BALANCE_LOG] ERROR: [ItemDataManager] No JSON data found for item type: BOW_COMPOSITE_SHORT
[BALANCE_LOG] ERROR: [ItemDataManager] No JSON data found for item type: BOW_ELVEN
[BALANCE_LOG] ERROR: [ItemDataManager] No JSON data found for item type: BOW_FOLDING_SHORT
[BALANCE_LOG] ERROR: [ItemDataManager] No JSON data found for item type: BOW_GIANT_KIN_LONG
[BALANCE_LOG] ERROR: [ItemDataManager] No JSON data found for item type: BOW_KENYAN_LONG
[BALANCE_LOG] ERROR: [ItemDataManager] No JSON data found for item type: BOW_LONG
[BALANCE_LOG] ERROR: [ItemDataManager] No JSON data found for item type: BOW_PIXIE
[BALANCE_LOG] ERROR: [ItemDataManager] No JSON data found for item type: BOW_SHORT
[BALANCE_LOG] ERROR: [ItemDataManager] No JSON data found for item type: BUCKLER_SPIKED
[BALANCE_LOG] ERROR: [ItemDataManager] No JSON data found for item type: CAHULAKS
[BALANCE_LOG] ERROR: [ItemDataManager] No JSON data found for item type: CALTROP
[BALANCE_LOG] ERROR: [ItemDataManager] No JSON data found for item type: CARRIKAL
[BALANCE_LOG] ERROR: [ItemDataManager] No JSON data found for item type: CAVILER
[BALANCE_LOG] ERROR: [ItemDataManager] No JSON data found for item type: CESTUS
[BALANCE_LOG] ERROR: [ItemDataManager] No JSON data found for item type: CHAIN
[BALANCE_LOG] ERROR: [ItemDataManager] No JSON data found for item type: CHAKRAM
[BALANCE_LOG] ERROR: [ItemDataManager] No JSON data found for item type: CHATKCHA
[BALANCE_LOG] ERROR: [ItemDataManager] No JSON data found for item type: CLUB
[BALANCE_LOG] ERROR: [ItemDataManager] No JSON data found for item type: CLUB_DATCHI
[BALANCE_LOG] ERROR: [ItemDataManager] No JSON data found for item type: CLUB_DWARVEN_WAR
[BALANCE_LOG] ERROR: [ItemDataManager] No JSON data found for item type: CLUB_GREAT
[BALANCE_LOG] ERROR: [ItemDataManager] No JSON data found for item type: CLUB_RIM
[BALANCE_LOG] ERROR: [ItemDataManager] No JSON data found for item type: CROSSBOW_DISK
[BALANCE_LOG] ERROR: [ItemDataManager] No JSON data found for item type: CROSSBOW_DOUBLED
[BALANCE_LOG] ERROR: [ItemDataManager] No JSON data found for item type: CROSSBOW_HAND
[BALANCE_LOG] ERROR: [ItemDataManager] No JSON data found for item type: CROSSBOW_HEAVY
[BALANCE_LOG] ERROR: [ItemDataManager] No JSON data found for item type: CROSSBOW_LIGHT
[BALANCE_LOG] ERROR: [ItemDataManager] No JSON data found for item type: DAGGER
[BALANCE_LOG] ERROR: [ItemDataManager] No JSON data found for item type: DAGGER_: DAGGER
[ItemDataManager] No JSON data found for item type: DAGGER_BONE
[ItemDataManager] No JSON data found for item type: DAGGER_CLIMBING
[ItemDataManager] No JSON data found for item type: DAGGER_GIANT_KIN
[ItemDataManager] No JSON data found for item type: DAGGER_PARRYING
[ItemDataManager] No JSON data found for item type: DAGGER_STONE
[ItemDataManager] No JSON data found for item type: DAIKYU
[ItemDataManager] No JSON data found for item type: DART_BARBED
[ItemDataManager] No JSON data found for item type: DEJADA
[ItemDataManager] No JSON data found for item type: DEJADA_CESTUS
[ItemDataManager] No JSON data found for item type: DIRK
[ItemDataManager] No JSON data found for item type: DISK_CROSSBOW
[ItemDataManager] No JSON data found for item type: DRAGONS_PAW
[ItemDataManager] No JSON data found for item type: FLAIL_BLADEBACK
[ItemDataManager] No JSON data found for item type: FLAIL_CHAIN
[ItemDataManager] No JSON data found for item type: FLAIL_FOOTMANS
[ItemDataManager] No JSON data found for item type: FLAIL_GRAIN
[ItemDataManager] No JSON data found for item type: FLAIL_HORSEMANS
[ItemDataManager] No JSON data found for item type: FLINDBAR
[ItemDataManager] No JSON data found for item type: GADA
[ItemDataManager] No JSON data found for item type: GAFF_HOOK_ATTACHED
[ItemDataManager] No JSON data found for item type: GAFF_HOOK_HELD
[ItemDataManager] No JSON data found for item type: GLADIATORS_FRIEND_FOOTMANS
[ItemDataManager] No JSON data found for item type: GLADIATORS_FRIEND_HORSEMANS
[ItemDataManager] No JSON data found for item type: GLOVE_NAIL
[ItemDataManager] No JSON data found for item type: GOUGE
[ItemDataManager] No JSON data found for item type: HARPOON_ONE_HANDED
[ItemDataManager] No JSON data found for item type: HARPOON_TWO_HANDED
[ItemDataManager] No JSON data found for item type: HATCHET
[ItemDataManager] No JSON data found for item type: HATCHET_HAWK
[ItemDataManager] No JSON data found for item type: HORA
[ItemDataManager] No JSON data found for item type: IMPALER
[ItemDataManager] No JSON data found for item type: IUAK_SNOW_BLADE
[ItemDataManager] No JSON data found for item type: JAMBIYA
[ItemDataManager] No JSON data found for item type: JAVELIN_ONE_HANDED
[ItemDataManager] No JSON data found for item type: JAVELIN_STONE_ONE_HANDED
[ItemDataManager] No JSON data found for item type: JAVELIN_STONE_TWO_HANDED
[ItemDataManager] No JSON data found for item type: JAVELIN_TWO_HANDED
[ItemDataManager] No JSON data found for item type: KATAR_PUNCH_DAGGER
[ItemDataManager] No JSON data found for item type: KICK_SLASHER
[ItemDataManager] No JSON data found for item type: KNIFE_BONE
[ItemDataManager] No JSON data found for item type: KNIFE_HARNESS
[ItemDataManager] No JSON data found for item type: KNIFE_STONE
[ItemDataManager] No JSON data found for item type: KNIFE_THROWING
[ItemDataManager] No JSON data found for item type: KNIFE_WIDOWS
[ItemDataManager] No JSON data found for item type: KNOBKERRIE
[ItemDataManager] No JSON data found for item type: KORA
[ItemDataManager] No JSON data found for item type: KUKRI
[ItemDataManager] No JSON data found for item type: LANCE_FLIGHT
[ItemDataManager] No JSON data found for item type: LANCE_HEAVY_HORSE1
[ItemDataManager] No JSON data found for item type: LANCE_JOUSTING1
[ItemDataManager] No JSON data found for item type: LANCE_LIGHT_HORSE1
[ItemDataManager] No JSON data found for item type: LANCE_MEDIUM_HORSE1
[ItemDataManager] No JSON data found for item type: LASSO
[ItemDataManager] No JSON data found for item type: LOTULIS
[ItemDataManager] No JSON data found for item type: MACA
[ItemDataManager] No JSON data found for item type: MACE_BLADEBACK
[ItemDataManager] No JSON data found for item type: MACE_FOOTMANS
[ItemDataManager] No JSON data found for item type: MACE_FOOTMANS_WHISTLING
[ItemDataManager] No JSON data found for item type: MACE_GIANT_KIN
[ItemDataManager] No JSON data found for item type: MACE_GREAT
[ItemDataManager] No JSON data found for item type: MACE_HORSEMANS
[ItemDataManager] No JSON data found for item type: MACE_HORSEMANS_WHISTLING
[ItemDataManager] No JSON data found for item type: MACHETE
[ItemDataManager] No JSON data found for item type: MADU
[ItemDataManager] No JSON data found for item type: MAIN_GAUCHE
[ItemDataManager] No JSON data found for item type: MANCATCHER2
[ItemDataManager] No JSON data found for item type: MORNING_STAR
[ItemDataManager] No JSON data found for item type: MORNING_STAR_DOUBLE_BALL
[ItemDataManager] No JSON data found for item type: MUSKET
[ItemDataManager] No JSON data found for item type: NET
[ItemDataManager] No JSON data found for item type: NUNCHAKU
[ItemDataManager] No JSON data found for item type: NYEK_PLE_NEN_TOH
[ItemDataManager] No JSON data found for item type: PATA1
[ItemDataManager] No JSON data found for item type: PESHKABZ
[ItemDataManager] No JSON data found for item type: PICK_FOOTMANS
[ItemDataManager] No JSON data found for item type: PICK_HORSEMANS
[ItemDataManager] No JSON data found for item type: PICK_ICE
[ItemDataManager] No JSON data found for item type: PIKE_WEIGHTED
[ItemDataManager] No JSON data found for item type: PISTOL_STARWHEEL
[ItemDataManager] No JSON data found for item type: POLEARM_AWL_PIKE3
[ItemDataManager] No JSON data found for item type: POLEARM_BARDICHE
[ItemDataManager] No JSON data found for item type: POLEARM_BEC_DE_CORBIN
[ItemDataManager] No JSON data found for item type: POLEARM_BILL_GUISARME
[ItemDataManager] No JSON data found for item type: POLEARM_CRUSHER
[ItemDataManager] No JSON data found for item type: POLEARM_FAUCHARD
[ItemDataManager] No JSON data found for item type: POLEARM_FAUCHARD_FORK
[ItemDataManager] No JSON data found for item type: POLEARM_GIANT_KIN_HALBERD
[ItemDataManager] No JSON data found for item type: POLEARM_GLAIVE_GUISARME4
[ItemDataManager] No JSON data found for item type: POLEARM_GLAIVE4
[ItemDataManager] No JSON data found for item type: POLEARM_GUISARME
[ItemDataManager] No JSON data found for item type: POLEARM_GUISARME_VOULGE
[ItemDataBONE
[BALANCE_LOG] ERROR: [ItemDataManager] No JSON data found for item type: DAGGER_CLIMBING
[BALANCE_LOG] ERROR: [ItemDataManager] No JSON data found for item type: DAGGER_GIANT_KIN
[BALANCE_LOG] ERROR: [ItemDataManager] No JSON data found for item type: DAGGER_PARRYING
[BALANCE_LOG] ERROR: [ItemDataManager] No JSON data found for item type: DAGGER_STONE
[BALANCE_LOG] ERROR: [ItemDataManager] No JSON data found for item type: DAIKYU
[BALANCE_LOG] ERROR: [ItemDataManager] No JSON data found for item type: DART_BARBED
[BALANCE_LOG] ERROR: [ItemDataManager] No JSON data found for item type: DEJADA
[BALANCE_LOG] ERROR: [ItemDataManager] No JSON data found for item type: DEJADA_CESTUS
[BALANCE_LOG] ERROR: [ItemDataManager] No JSON data found for item type: DIRK
[BALANCE_LOG] ERROR: [ItemDataManager] No JSON data found for item type: DISK_CROSSBOW
[BALANCE_LOG] ERROR: [ItemDataManager] No JSON data found for item type: DRAGONS_PAW
[BALANCE_LOG] ERROR: [ItemDataManager] No JSON data found for item type: FLAIL_BLADEBACK
[BALANCE_LOG] ERROR: [ItemDataManager] No JSON data found for item type: FLAIL_CHAIN
[BALANCE_LOG] ERROR: [ItemDataManager] No JSON data found for item type: FLAIL_FOOTMANS
[BALANCE_LOG] ERROR: [ItemDataManager] No JSON data found for item type: FLAIL_GRAIN
[BALANCE_LOG] ERROR: [ItemDataManager] No JSON data found for item type: FLAIL_HORSEMANS
[BALANCE_LOG] ERROR: [ItemDataManager] No JSON data found for item type: FLINDBAR
[BALANCE_LOG] ERROR: [ItemDataManager] No JSON data found for item type: GADA
[BALANCE_LOG] ERROR: [ItemDataManager] No JSON data found for item type: GAFF_HOOK_ATTACHED
[BALANCE_LOG] ERROR: [ItemDataManager] No JSON data found for item type: GAFF_HOOK_HELD
[BALANCE_LOG] ERROR: [ItemDataManager] No JSON data found for item type: GLADIATORS_FRIEND_FOOTMANS
[BALANCE_LOG] ERROR: [ItemDataManager] No JSON data found for item type: GLADIATORS_FRIEND_HORSEMANS
[BALANCE_LOG] ERROR: [ItemDataManager] No JSON data found for item type: GLOVE_NAIL
[BALANCE_LOG] ERROR: [ItemDataManager] No JSON data found for item type: GOUGE
[BALANCE_LOG] ERROR: [ItemDataManager] No JSON data found for item type: HARPOON_ONE_HANDED
[BALANCE_LOG] ERROR: [ItemDataManager] No JSON data found for item type: HARPOON_TWO_HANDED
[BALANCE_LOG] ERROR: [ItemDataManager] No JSON data found for item type: HATCHET
[BALANCE_LOG] ERROR: [ItemDataManager] No JSON data found for item type: HATCHET_HAWK
[BALANCE_LOG] ERROR: [ItemDataManager] No JSON data found for item type: HORA
[BALANCE_LOG] ERROR: [ItemDataManager] No JSON data found for item type: IMPALER
[BALANCE_LOG] ERROR: [ItemDataManager] No JSON data found for item type: IUAK_SNOW_BLADE
[BALANCE_LOG] ERROR: [ItemDataManager] No JSON data found for item type: JAMBIYA
[BALANCE_LOG] ERROR: [ItemDataManager] No JSON data found for item type: JAVELIN_ONE_HANDED
[BALANCE_LOG] ERROR: [ItemDataManager] No JSON data found for item type: JAVELIN_STONE_ONE_HANDED
[BALANCE_LOG] ERROR: [ItemDataManager] No JSON data found for item type: JAVELIN_STONE_TWO_HANDED
[BALANCE_LOG] ERROR: [ItemDataManager] No JSON data found for item type: JAVELIN_TWO_HANDED
[BALANCE_LOG] ERROR: [ItemDataManager] No JSON data found for item type: KATAR_PUNCH_DAGGER
[BALANCE_LOG] ERROR: [ItemDataManager] No JSON data found for item type: KICK_SLASHER
[BALANCE_LOG] ERROR: [ItemDataManager] No JSON data found for item type: KNIFE_BONE
[BALANCE_LOG] ERROR: [ItemDataManager] No JSON data found for item type: KNIFE_HARNESS
[BALANCE_LOG] ERROR: [ItemDataManager] No JSON data found for item type: KNIFE_STONE
[BALANCE_LOG] ERROR: [ItemDataManager] No JSON data found for item type: KNIFE_THROWING
[BALANCE_LOG] ERROR: [ItemDataManager] No JSON data found for item type: KNIFE_WIDOWS
[BALANCE_LOG] ERROR: [ItemDataManager] No JSON data found for item type: KNOBKERRIE
[BALANCE_LOG] ERROR: [ItemDataManager] No JSON data found for item type: KORA
[BALANCE_LOG] ERROR: [ItemDataManager] No JSON data found for item type: KUKRI
[BALANCE_LOG] ERROR: [ItemDataManager] No JSON data found for item type: LANCE_FLIGHT
[BALANCE_LOG] ERROR: [ItemDataManager] No JSON data found for item type: LANCE_HEAVY_HORSE1
[BALANCE_LOG] ERROR: [ItemDataManager] No JSON data found for item type: LANCE_JOUSTING1
[BALANCE_LOG] ERROR: [ItemDataManager] No JSON data found for item type: LANCE_LIGHT_HORSE1
[BALANCE_LOG] ERROR: [ItemDataManager] No JSON data found for item type: LANCE_MEDIUM_HORSE1
[BALANCE_LOG] ERROR: [ItemDataManager] No JSON data found for item type: LASSO
[BALANCE_LOG] ERROR: [ItemDataManager] No JSON data found for item type: LOTULIS
[BALANCE_LOG] ERROR: [ItemDataManager] No JSON data found for item type: MACA
[BALANCE_LOG] ERROR: [ItemDataManager] No JSON data found for item type: MACE_BLADEBACK
[BALANCE_LOG] ERROR: [ItemDataManager] No JSON data found for item type: MACE_FOOTMANS
[BALANCE_LOG] ERROR: [ItemDataManager] No JSON data found for item type: MACE_FOOTMANS_WHISTLING
[BALANCE_LOG] ERROR: [ItemDataManager] No JSON data found for item type: MACE_GIANT_KIN
[BALANCE_LOG] ERROR: [ItemDataManager] No JSON data found for item type: MACE_GREAT
[BALANCE_LOG] ERROR: [ItemDataManager] No JSON data found for item type: MACE_HORSEMANS
[BALANCE_LOG] ERROR: [ItemDataManager] No JSON data found for item type: MACE_HORSEMANS_WHISTLING
[BALANCE_LOG] ERROR: [ItemDataManager] No JSON data found for item type: MACHETE
[BALANCE_LOG] ERROR: [ItemDataManager] No JSON data found for item type: MADU
[BALANCE_LOG] ERROR: [ItemDataManager] No JSON data found for item type: MAIN_GAUCHE
[BALANCE_LOG] ERROR: [ItemDataManager] No JSON data found for item type: MANCATCHER2
[BALANCE_LOG] ERROR: [ItemDataManager] No JSON data found for item type: MORNING_STAR
[BALANCE_LOG] ERROR: [ItemDataManager] No JSON data found for item type: MORNING_STAR_DOUBLE_BALL
[BALANCE_LOG] ERROR: [ItemDataManager] No JSON data found for item type: MUSKET
[BALANCE_LOG] ERROR: [ItemDataManager] No JSON data found for item type: NET
[BALANCE_LOG] ERROR: [ItemDataManager] No JSON data found for item type: NUNCHAKU
[BALANCE_LOG] ERROR: [ItemDataManager] No JSON data found for item type: NYEK_PLE_NEN_TOH
[BALANCE_LOG] ERROR: [ItemDataManager] No JSON data found for item type: PATA1
[BALANCE_LOG] ERROR: [ItemDataManager] No JSON data found for item type: PESHKABZ
[BALANCE_LOG] ERROR: [ItemDataManager] No JSON data found for item type: PICK_FOOTMANS
[BALANCE_LOG] ERROR: [ItemDataManager] No JSON data found for item type: PICK_HORSEMANS
[BALANCE_LOG] ERROR: [ItemDataManager] No JSON data found for item type: PICK_ICE
[BALANCE_LOG] ERROR: [ItemDataManager] No JSON data found for item type: PIKE_WEIGHTED
[BALANCE_LOG] ERROR: [ItemDataManager] No JSON data found for item type: PISTOL_STARWHEEL
[BALANCE_LOG] ERROR: [ItemDataManager] No JSON data found for item type: POLEARM_AWL_PIKE3
[BALANCE_LOG] ERROR: [ItemDataManager] No JSON data found for item type: POLEARM_BARDICHE
[BALANCE_LOG] ERROR: [ItemDataManager] No JSON data found for item type: POLEARM_BEC_DE_CORBIN
[BALANCE_LOG] ERROR: [ItemDataManager] No JSON data found for item type: POLEARM_BILL_GUISARME
[BALANCE_LOG] ERROR: [ItemDataManager] No JSON data found for item type: POLEARM_CRUSHER
[BALANCE_LOG] ERROR: [ItemDataManager] No JSON data found for item type: POLEARM_FAUCHARD
[BALANCE_LOG] ERROR: [ItemDataManager] No JSON data found for item type: POLEARM_FAUCHARD_FORK
[BALANCE_LOG] ERROR: [ItemDataManager] No JSON data found for item type: POLEARM_GIANT_KIN_HALBERD
[BALANCE_LOG] ERROR: [ItemDataManager] No JSON data found for item type: POLEARM_GLAIVE_GUISARME4
[BALANCE_LOG] ERROR: [ItemDataManager] No JSON data found for item type: POLEARM_GLAIVE4
[BALANCE_LOG] ERROR: [ItemDataManager] No JSON data found for item type: POLEARM_GUISARME
[BALANCE_LOG] ERROR: [ItemDataManager] No JSON data found for item type: POLEARM_GUISARME_VOULGE
[BALANCE_LOG] ERROR: [ItemDataManager] No JSON data found for item type: POLEARM_GYTHKA
[BALANCE_LOG] ERROR: [ItemDataManager] No JSON data found for item type: POLEARM_HALBERD
[BALANCE_LOG] ERROR: [ItemDataManager] No JSON data foundManager] No JSON data found for item type: POLEARM_GYTHKA
[ItemDataManager] No JSON data found for item type: POLEARM_HALBERD
[ItemDataManager] No JSON data found for item type: POLEARM_HOOK_FAUCHARD
[ItemDataManager] No JSON data found for item type: POLEARM_LUCERN_HAMMER3
[ItemDataManager] No JSON data found for item type: POLEARM_MILITARY_FORK4
[ItemDataManager] No JSON data found for item type: POLEARM_NAGINATA3
[ItemDataManager] No JSON data found for item type: POLEARM_PARTISAN3
[ItemDataManager] No JSON data found for item type: POLEARM_QUAD_FAUCHARD
[ItemDataManager] No JSON data found for item type: POLEARM_RANSEUR3
[ItemDataManager] No JSON data found for item type: POLEARM_SPETUM3
[ItemDataManager] No JSON data found for item type: POLEARM_TETSUBO
[ItemDataManager] No JSON data found for item type: POLEARM_TRIKAL
[ItemDataManager] No JSON data found for item type: POLEARM_VOULGE
[ItemDataManager] No JSON data found for item type: PUCHIK
[ItemDataManager] No JSON data found for item type: PUNCH_CUTTER
[ItemDataManager] No JSON data found for item type: QUABONE
[ItemDataManager] No JSON data found for item type: QUARREL_HAND
[ItemDataManager] No JSON data found for item type: QUARREL_HEAVY
[ItemDataManager] No JSON data found for item type: QUARREL_LIGHT
[ItemDataManager] No JSON data found for item type: QUARTERSTAFF
[ItemDataManager] No JSON data found for item type: RAZOR
[ItemDataManager] No JSON data found for item type: RITIIK
[ItemDataManager] No JSON data found for item type: SAI
[ItemDataManager] No JSON data found for item type: SAP
[ItemDataManager] No JSON data found for item type: SCOURGE
[ItemDataManager] No JSON data found for item type: SCYTHE
[ItemDataManager] No JSON data found for item type: SHIELD_SPIKE
[ItemDataManager] No JSON data found for item type: SHOKA
[ItemDataManager] No JSON data found for item type: SHOTEL
[ItemDataManager] No JSON data found for item type: SHURIKEN
[ItemDataManager] No JSON data found for item type: SICKLE
[ItemDataManager] No JSON data found for item type: SLING
[ItemDataManager] No JSON data found for item type: SLING_BULLET
[ItemDataManager] No JSON data found for item type: SLING_STONE
[ItemDataManager] No JSON data found for item type: SPEAR_CASTER
[ItemDataManager] No JSON data found for item type: SPEAR_DOUBLE_BLADED
[ItemDataManager] No JSON data found for item type: SPEAR_HEAVY_ONE_HANDED
[ItemDataManager] No JSON data found for item type: SPEAR_HEAVY_TWO_HANDED
[ItemDataManager] No JSON data found for item type: SPEAR_HOOK_TAILED
[ItemDataManager] No JSON data found for item type: SPEAR_LONG_ONE_HANDED
[ItemDataManager] No JSON data found for item type: SPEAR_LONG_TWO_HANDED3
[ItemDataManager] No JSON data found for item type: SPEAR_ONE_HANDED
[ItemDataManager] No JSON data found for item type: SPEAR_PADDLE
[ItemDataManager] No JSON data found for item type: SPEAR_STONE_ONE_HANDED
[ItemDataManager] No JSON data found for item type: SPEAR_STONE_TWO_HANDED
[ItemDataManager] No JSON data found for item type: SPEAR_THROWING
[ItemDataManager] No JSON data found for item type: SPEAR_TWO_HANDED3
[ItemDataManager] No JSON data found for item type: SPIKE_ELBOW
[ItemDataManager] No JSON data found for item type: SPIKE_HEAD
[ItemDataManager] No JSON data found for item type: SPIKE_KNEE
[ItemDataManager] No JSON data found for item type: SPIKES_BODY
[ItemDataManager] No JSON data found for item type: STAFF_SLING
[ItemDataManager] No JSON data found for item type: STAFF_SLING_STINKPOT
[ItemDataManager] No JSON data found for item type: STAFF_HAMANUS
[ItemDataManager] No JSON data found for item type: STAFF_HORNHEAD
[ItemDataManager] No JSON data found for item type: STICK_GOBLIN
[ItemDataManager] No JSON data found for item type: STICKS_SINGING
[ItemDataManager] No JSON data found for item type: STILETTO
[ItemDataManager] No JSON data found for item type: SWORD_BASTARD_ONE_HANDED
[ItemDataManager] No JSON data found for item type: SWORD_BASTARD_TWO_HANDED
[ItemDataManager] No JSON data found for item type: SWORD_BROAD
[ItemDataManager] No JSON data found for item type: SWORD_CLAYMORE
[ItemDataManager] No JSON data found for item type: SWORD_CUTLASS
[ItemDataManager] No JSON data found for item type: SWORD_DRUSUS
[ItemDataManager] No JSON data found for item type: SWORD_DWARVEN_CLAYMORE
[ItemDataManager] No JSON data found for item type: SWORD_FALCHION
[ItemDataManager] No JSON data found for item type: SWORD_FLAMBERGE
[ItemDataManager] No JSON data found for item type: SWORD_GIANT_KIN_TWO_HANDED
[ItemDataManager] No JSON data found for item type: SWORD_GREAT_SCIMITAR
[ItemDataManager] No JSON data found for item type: SWORD_HOOK
[ItemDataManager] No JSON data found for item type: SWORD_KATANA_ONE_HANDED
[ItemDataManager] No JSON data found for item type: SWORD_KATANA_TWO_HANDED
[ItemDataManager] No JSON data found for item type: SWORD_KHANDAR_ONE_HANDED
[ItemDataManager] No JSON data found for item type: SWORD_KHANDAR_TWO_HANDED
[ItemDataManager] No JSON data found for item type: SWORD_KHOPESH
[ItemDataManager] No JSON data found for item type: SWORD_LONG
[ItemDataManager] No JSON data found for item type: SWORD_MANDIBLE
[ItemDataManager] No JSON data found for item type: SWORD_MARINERS
[ItemDataManager] No JSON data found for item type: SWORD_PIERCER
[ItemDataManager] No JSON data found for item type: SWORD_PIXIE
[ItemDataManager] No JSON data found for item type: SWORD_RAPIER
[ItemDataManager] No JSON data found for item type: SWORD_SABRE
[ItemDataManager] No JSON data found for item type: SWORD_SCIMITAR
[ItemDataManager] No JSON data found for item type: SWORD_SHORT
[ItemDataManager] No JSON data found for item type: SWORD_TALWAR
[ItemDataManager] No JSON data found for item type: SWORD_TWO_HANDED
[ItemDataManager] No JSON data found for item type: SWORD_WAKIZASHI
[ItemDataManager] No JSON data found for item type: SWORDLET
[ItemDataManager] No JSON data found for item type: TALID
[ItemDataManager] No JSON data found for item type: TORTOISE_BLADES
[ItemDataManager] No JSON data foun for item type: POLEARM_HOOK_FAUCHARD
[BALANCE_LOG] ERROR: [ItemDataManager] No JSON data found for item type: POLEARM_LUCERN_HAMMER3
[BALANCE_LOG] ERROR: [ItemDataManager] No JSON data found for item type: POLEARM_MILITARY_FORK4
[BALANCE_LOG] ERROR: [ItemDataManager] No JSON data found for item type: POLEARM_NAGINATA3
[BALANCE_LOG] ERROR: [ItemDataManager] No JSON data found for item type: POLEARM_PARTISAN3
[BALANCE_LOG] ERROR: [ItemDataManager] No JSON data found for item type: POLEARM_QUAD_FAUCHARD
[BALANCE_LOG] ERROR: [ItemDataManager] No JSON data found for item type: POLEARM_RANSEUR3
[BALANCE_LOG] ERROR: [ItemDataManager] No JSON data found for item type: POLEARM_SPETUM3
[BALANCE_LOG] ERROR: [ItemDataManager] No JSON data found for item type: POLEARM_TETSUBO
[BALANCE_LOG] ERROR: [ItemDataManager] No JSON data found for item type: POLEARM_TRIKAL
[BALANCE_LOG] ERROR: [ItemDataManager] No JSON data found for item type: POLEARM_VOULGE
[BALANCE_LOG] ERROR: [ItemDataManager] No JSON data found for item type: PUCHIK
[BALANCE_LOG] ERROR: [ItemDataManager] No JSON data found for item type: PUNCH_CUTTER
[BALANCE_LOG] ERROR: [ItemDataManager] No JSON data found for item type: QUABONE
[BALANCE_LOG] ERROR: [ItemDataManager] No JSON data found for item type: QUARREL_HAND
[BALANCE_LOG] ERROR: [ItemDataManager] No JSON data found for item type: QUARREL_HEAVY
[BALANCE_LOG] ERROR: [ItemDataManager] No JSON data found for item type: QUARREL_LIGHT
[BALANCE_LOG] ERROR: [ItemDataManager] No JSON data found for item type: QUARTERSTAFF
[BALANCE_LOG] ERROR: [ItemDataManager] No JSON data found for item type: RAZOR
[BALANCE_LOG] ERROR: [ItemDataManager] No JSON data found for item type: RITIIK
[BALANCE_LOG] ERROR: [ItemDataManager] No JSON data found for item type: SAI
[BALANCE_LOG] ERROR: [ItemDataManager] No JSON data found for item type: SAP
[BALANCE_LOG] ERROR: [ItemDataManager] No JSON data found for item type: SCOURGE
[BALANCE_LOG] ERROR: [ItemDataManager] No JSON data found for item type: SCYTHE
[BALANCE_LOG] ERROR: [ItemDataManager] No JSON data found for item type: SHIELD_SPIKE
[BALANCE_LOG] ERROR: [ItemDataManager] No JSON data found for item type: SHOKA
[BALANCE_LOG] ERROR: [ItemDataManager] No JSON data found for item type: SHOTEL
[BALANCE_LOG] ERROR: [ItemDataManager] No JSON data found for item type: SHURIKEN
[BALANCE_LOG] ERROR: [ItemDataManager] No JSON data found for item type: SICKLE
[BALANCE_LOG] ERROR: [ItemDataManager] No JSON data found for item type: SLING
[BALANCE_LOG] ERROR: [ItemDataManager] No JSON data found for item type: SLING_BULLET
[BALANCE_LOG] ERROR: [ItemDataManager] No JSON data found for item type: SLING_STONE
[BALANCE_LOG] ERROR: [ItemDataManager] No JSON data found for item type: SPEAR_CASTER
[BALANCE_LOG] ERROR: [ItemDataManager] No JSON data found for item type: SPEAR_DOUBLE_BLADED
[BALANCE_LOG] ERROR: [ItemDataManager] No JSON data found for item type: SPEAR_HEAVY_ONE_HANDED
[BALANCE_LOG] ERROR: [ItemDataManager] No JSON data found for item type: SPEAR_HEAVY_TWO_HANDED
[BALANCE_LOG] ERROR: [ItemDataManager] No JSON data found for item type: SPEAR_HOOK_TAILED
[BALANCE_LOG] ERROR: [ItemDataManager] No JSON data found for item type: SPEAR_LONG_ONE_HANDED
[BALANCE_LOG] ERROR: [ItemDataManager] No JSON data found for item type: SPEAR_LONG_TWO_HANDED3
[BALANCE_LOG] ERROR: [ItemDataManager] No JSON data found for item type: SPEAR_ONE_HANDED
[BALANCE_LOG] ERROR: [ItemDataManager] No JSON data found for item type: SPEAR_PADDLE
[BALANCE_LOG] ERROR: [ItemDataManager] No JSON data found for item type: SPEAR_STONE_ONE_HANDED
[BALANCE_LOG] ERROR: [ItemDataManager] No JSON data found for item type: SPEAR_STONE_TWO_HANDED
[BALANCE_LOG] ERROR: [ItemDataManager] No JSON data found for item type: SPEAR_THROWING
[BALANCE_LOG] ERROR: [ItemDataManager] No JSON data found for item type: SPEAR_TWO_HANDED3
[BALANCE_LOG] ERROR: [ItemDataManager] No JSON data found for item type: SPIKE_ELBOW
[BALANCE_LOG] ERROR: [ItemDataManager] No JSON data found for item type: SPIKE_HEAD
[BALANCE_LOG] ERROR: [ItemDataManager] No JSON data found for item type: SPIKE_KNEE
[BALANCE_LOG] ERROR: [ItemDataManager] No JSON data found for item type: SPIKES_BODY
[BALANCE_LOG] ERROR: [ItemDataManager] No JSON data found for item type: STAFF_SLING
[BALANCE_LOG] ERROR: [ItemDataManager] No JSON data found for item type: STAFF_SLING_STINKPOT
[BALANCE_LOG] ERROR: [ItemDataManager] No JSON data found for item type: STAFF_HAMANUS
[BALANCE_LOG] ERROR: [ItemDataManager] No JSON data found for item type: STAFF_HORNHEAD
[BALANCE_LOG] ERROR: [ItemDataManager] No JSON data found for item type: STICK_GOBLIN
[BALANCE_LOG] ERROR: [ItemDataManager] No JSON data found for item type: STICKS_SINGING
[BALANCE_LOG] ERROR: [ItemDataManager] No JSON data found for item type: STILETTO
[BALANCE_LOG] ERROR: [ItemDataManager] No JSON data found for item type: SWORD_BASTARD_ONE_HANDED
[BALANCE_LOG] ERROR: [ItemDataManager] No JSON data found for item type: SWORD_BASTARD_TWO_HANDED
[BALANCE_LOG] ERROR: [ItemDataManager] No JSON data found for item type: SWORD_BROAD
[BALANCE_LOG] ERROR: [ItemDataManager] No JSON data found for item type: SWORD_CLAYMORE
[BALANCE_LOG] ERROR: [ItemDataManager] No JSON data found for item type: SWORD_CUTLASS
[BALANCE_LOG] ERROR: [ItemDataManager] No JSON data found for item type: SWORD_DRUSUS
[BALANCE_LOG] ERROR: [ItemDataManager] No JSON data found for item type: SWORD_DWARVEN_CLAYMORE
[BALANCE_LOG] ERROR: [ItemDataManager] No JSON data found for item type: SWORD_FALCHION
[BALANCE_LOG] ERROR: [ItemDataManager] No JSON data found for item type: SWORD_FLAMBERGE
[BALANCE_LOG] ERROR: [ItemDataManager] No JSON data found for item type: SWORD_GIANT_KIN_TWO_HANDED
[BALANCE_LOG] ERROR: [ItemDataManager] No JSON data found for item type: SWORD_GREAT_SCIMITAR
[BALANCE_LOG] ERROR: [ItemDataManager] No JSON data found for item type: SWORD_HOOK
[BALANCE_LOG] ERROR: [ItemDataManager] No JSON data found for item type: SWORD_KATANA_ONE_HANDED
[BALANCE_LOG] ERROR: [ItemDataManager] No JSON data found for item type: SWORD_KATANA_TWO_HANDED
[BALANCE_LOG] ERROR: [ItemDataManager] No JSON data found for item type: SWORD_KHANDAR_ONE_HANDED
[BALANCE_LOG] ERROR: [ItemDataManager] No JSON data found for item type: SWORD_KHANDAR_TWO_HANDED
[BALANCE_LOG] ERROR: [ItemDataManager] No JSON data found for item type: SWORD_KHOPESH
[BALANCE_LOG] ERROR: [ItemDataManager] No JSON data found for item type: SWORD_LONG
[BALANCE_LOG] ERROR: [ItemDataManager] No JSON data found for item type: SWORD_MANDIBLE
[BALANCE_LOG] ERROR: [ItemDataManager] No JSON data found for item type: SWORD_MARINERS
[BALANCE_LOG] ERROR: [ItemDataManager] No JSON data found for item type: SWORD_PIERCER
[BALANCE_LOG] ERROR: [ItemDataManager] No JSON data found for item type: SWORD_PIXIE
[BALANCE_LOG] ERROR: [ItemDataManager] No JSON data found for item type: SWORD_RAPIER
[BALANCE_LOG] ERROR: [ItemDataManager] No JSON data found for item type: SWORD_SABRE
[BALANCE_LOG] ERROR: [ItemDataManager] No JSON data found for item type: SWORD_SCIMITAR
[BALANCE_LOG] ERROR: [ItemDataManager] No JSON data found for item type: SWORD_SHORT
[BALANCE_LOG] ERROR: [ItemDataManager] No JSON data found for item type: SWORD_TALWAR
[BALANCE_LOG] ERROR: [ItemDataManager] No JSON data found for item type: SWORD_TWO_HANDED
[BALANCE_LOG] ERROR: [ItemDataManager] No JSON data found for item type: SWORD_WAKIZASHI
[BALANCE_LOG] ERROR: [ItemDataManager] No JSON data found for item type: SWORDLET
[BALANCE_LOG] ERROR: [ItemDataManager] No JSON data found for item type: TALID
[BALANCE_LOG] ERROR: [ItemDataManager] No JSON data found for item type: TORTOISE_BLADES
[BALANCE_LOG] ERROR: [ItemDataManager] No JSON data found for item type: TRIDENT_ONE_HANDED
[BALANCE_LOG] ERROR: [ItemDataManager] No JSON data found for item type: TRIDENT_TWO_HANDED
[BALANCE_LOG] ERROR: [ItemDataManager] No JSON data found for item type: TROMBASH_HELD
[BALANCE_LOG] ERROR: [ItemDataManager] No JSON data found for item type: TROMBASH_THROWN
[BALANCE_LOG] ERROR: [ItemDataManager] No JSON data found for item type: TRIDENT_ONE_HANDED
[ItemDataManager] No JSON data found for item type: TRIDENT_TWO_HANDED
[ItemDataManager] No JSON data found for item type: TROMBASH_HELD
[ItemDataManager] No JSON data found for item type: TROMBASH_THROWN
[ItemDataManager] No JSON data found for item type: TUFENK
[ItemDataManager] No JSON data found for item type: WARHAMMER
[ItemDataManager] No JSON data found for item type: WHIP
[ItemDataManager] No JSON data found for item type: WHIP_CHAIN
[ItemDataManager] No JSON data found for item type: WHIP_MASTERS
[ItemDataManager] No JSON data found for item type: WRIST_RAZOR
[ItemDataManager] No JSON data found for item type: ZAGHNAL
[ItemDataManager] No JSON data found for item type: BANDED_MAIL
[ItemDataManager] No JSON data found for item type: BRIGANDINE
[ItemDataManager] No JSON data found for item type: BACK_AND_BREAST
[ItemDataManager] No JSON data found for item type: BASINET
[ItemDataManager] No JSON data found for item type: BRONZE_PLATE
[ItemDataManager] No JSON data found for item type: CHAIN_HAUBERK
[ItemDataManager] No JSON data found for item type: CHAIN_LAMELLAR
[ItemDataManager] No JSON data found for item type: CHAIN_MAIL
[ItemDataManager] No JSON data found for item type: CORD_MAIL
[ItemDataManager] No JSON data found for item type: FIELD_PLATE
[ItemDataManager] No JSON data found for item type: FULL_PLATE
[ItemDataManager] No JSON data found for item type: GALLIC_ARMOR
[ItemDataManager] No JSON data found for item type: HALF_PLATE
[ItemDataManager] No JSON data found for item type: CAP
[ItemDataManager] No JSON data found for item type: CLOSED_FACE
[ItemDataManager] No JSON data found for item type: MAIL_COIF
[ItemDataManager] No JSON data found for item type: GREAT_HELM
[ItemDataManager] No JSON data found for item type: LEATHER_HELM
[ItemDataManager] No JSON data found for item type: OPEN_FACED
[ItemDataManager] No JSON data found for item type: HIDE_ARMOR
[ItemDataManager] No JSON data found for item type: HOPLITE_ARMOR
[ItemDataManager] No JSON data found for item type: IMPROVED_MAIL
[ItemDataManager] No JSON data found for item type: LAMELLAR_SHIRT
[ItemDataManager] No JSON data found for item type: LEATHER_ARMOR
[ItemDataManager] No JSON data found for item type: LIGHT_SCALE
[ItemDataManager] No JSON data found for item type: LORICA_HAMATA
[ItemDataManager] No JSON data found for item type: LORICA_SEGMENTA
[ItemDataManager] No JSON data found for item type: MAIL_AND_PLATE
[ItemDataManager] No JSON data found for item type: METAL_LAMELLAR
[ItemDataManager] No JSON data found for item type: PADDED_ARMOR
[ItemDataManager] No JSON data found for item type: PLATE_MAIL
[ItemDataManager] No JSON data found for item type: RING_MAIL
[ItemDataManager] No JSON data found for item type: SCALE_ARMOR
[ItemDataManager] No JSON data found for item type: SHIELD_BODY
[ItemDataManager] No JSON data found for item type: BUCKLER
[ItemDataManager] No JSON data found for item type: SHIELD_SMALL
[ItemDataManager] No JSON data found for item type: SHIELD_MEDIUM
[ItemDataManager] No JSON data found for item type: SHIELD_LARGE
[ItemDataManager] No JSON data found for item type: SPLINT_MAIL
[ItemDataManager] No JSON data found for item type: STUDDED_LEATHER
[ItemDataManager] No JSON data found for item type: THREE_QUARTER_PLATE
[ItemDataManager] No JSON data found for item type: WOOD_BONE_ARMOR
[ItemDataManager] Skipping unknown weapon type in JSON: BARD_S_FRIEND
[ItemDataManager] Skipping unknown weapon type in JSON: DRAGON_S_PAW
[ItemDad for item type: TUFENK
[BALANCE_LOG] ERROR: [ItemDataManager] No JSON data found for item type: WARHAMMER
[BALANCE_LOG] ERROR: [ItemDataManager] No JSON data found for item type: WHIP
[BALANCE_LOG] ERROR: [ItemDataManager] No JSON data found for item type: WHIP_CHAIN
[BALANCE_LOG] ERROR: [ItemDataManager] No JSON data found for item type: WHIP_MASTERS
[BALANCE_LOG] ERROR: [ItemDataManager] No JSON data found for item type: WRIST_RAZOR
[BALANCE_LOG] ERROR: [ItemDataManager] No JSON data found for item type: ZAGHNAL
[BALANCE_LOG] ERROR: [ItemDataManager] No JSON data found for item type: BANDED_MAIL
[BALANCE_LOG] ERROR: [ItemDataManager] No JSON data found for item type: BRIGANDINE
[BALANCE_LOG] ERROR: [ItemDataManager] No JSON data found for item type: BACK_AND_BREAST
[BALANCE_LOG] ERROR: [ItemDataManager] No JSON data found for item type: BASINET
[BALANCE_LOG] ERROR: [ItemDataManager] No JSON data found for item type: BRONZE_PLATE
[BALANCE_LOG] ERROR: [ItemDataManager] No JSON data found for item type: CHAIN_HAUBERK
[BALANCE_LOG] ERROR: [ItemDataManager] No JSON data found for item type: CHAIN_LAMELLAR
[BALANCE_LOG] ERROR: [ItemDataManager] No JSON data found for item type: CHAIN_MAIL
[BALANCE_LOG] ERROR: [ItemDataManager] No JSON data found for item type: CORD_MAIL
[BALANCE_LOG] ERROR: [ItemDataManager] No JSON data found for item type: FIELD_PLATE
[BALANCE_LOG] ERROR: [ItemDataManager] No JSON data found for item type: FULL_PLATE
[BALANCE_LOG] ERROR: [ItemDataManager] No JSON data found for item type: GALLIC_ARMOR
[BALANCE_LOG] ERROR: [ItemDataManager] No JSON data found for item type: HALF_PLATE
[BALANCE_LOG] ERROR: [ItemDataManager] No JSON data found for item type: CAP
[BALANCE_LOG] ERROR: [ItemDataManager] No JSON data found for item type: CLOSED_FACE
[BALANCE_LOG] ERROR: [ItemDataManager] No JSON data found for item type: MAIL_COIF
[BALANCE_LOG] ERROR: [ItemDataManager] No JSON data found for item type: GREAT_HELM
[BALANCE_LOG] ERROR: [ItemDataManager] No JSON data found for item type: LEATHER_HELM
[BALANCE_LOG] ERROR: [ItemDataManager] No JSON data found for item type: OPEN_FACED
[BALANCE_LOG] ERROR: [ItemDataManager] No JSON data found for item type: HIDE_ARMOR
[BALANCE_LOG] ERROR: [ItemDataManager] No JSON data found for item type: HOPLITE_ARMOR
[BALANCE_LOG] ERROR: [ItemDataManager] No JSON data found for item type: IMPROVED_MAIL
[BALANCE_LOG] ERROR: [ItemDataManager] No JSON data found for item type: LAMELLAR_SHIRT
[BALANCE_LOG] ERROR: [ItemDataManager] No JSON data found for item type: LEATHER_ARMOR
[BALANCE_LOG] ERROR: [ItemDataManager] No JSON data found for item type: LIGHT_SCALE
[BALANCE_LOG] ERROR: [ItemDataManager] No JSON data found for item type: LORICA_HAMATA
[BALANCE_LOG] ERROR: [ItemDataManager] No JSON data found for item type: LORICA_SEGMENTA
[BALANCE_LOG] ERROR: [ItemDataManager] No JSON data found for item type: MAIL_AND_PLATE
[BALANCE_LOG] ERROR: [ItemDataManager] No JSON data found for item type: METAL_LAMELLAR
[BALANCE_LOG] ERROR: [ItemDataManager] No JSON data found for item type: PADDED_ARMOR
[BALANCE_LOG] ERROR: [ItemDataManager] No JSON data found for item type: PLATE_MAIL
[BALANCE_LOG] ERROR: [ItemDataManager] No JSON data found for item type: RING_MAIL
[BALANCE_LOG] ERROR: [ItemDataManager] No JSON data found for item type: SCALE_ARMOR
[BALANCE_LOG] ERROR: [ItemDataManager] No JSON data found for item type: SHIELD_BODY
[BALANCE_LOG] ERROR: [ItemDataManager] No JSON data found for item type: BUCKLER
[BALANCE_LOG] ERROR: [ItemDataManager] No JSON data found for item type: SHIELD_SMALL
[BALANCE_LOG] ERROR: [ItemDataManager] No JSON data found for item type: SHIELD_MEDIUM
[BALANCE_LOG] ERROR: [ItemDataManager] No JSON data found for item type: SHIELD_LARGE
[BALANCE_LOG] ERROR: [ItemDataManager] No JSON data found for item type: SPLINT_MAIL
[BALANCE_LOG] ERROR: [ItemDataManager] No JSON data found for item type: STUDDED_LEATHER
[BALANCE_LOG] ERROR: [ItemDataManager] No JSON data found for item type: THREE_QUARTER_PLATE
[BALANCE_LOG] ERROR: [ItemDataManager] No JSON data found for item type: WOOD_BONE_ARMOR
[ItemDataManager] Loaded 113 item templates.
[BALANCE_LOG] ItemDataManager: Loaded 113 item templates.
[BALANCE_LOG] ERROR: [ItemDataManager] Skipping unknown weapon type in JSON: BARD_S_FRIEND
[BALANCE_LOG] ERROR: [ItemDataManager] Skipping unknown weapon type in JSON: DRAGON_S_PAW
[BALANCE_LOG] ERROR: [ItemDataManager] Skipping unknown weapon type in JSON: PICK_FOOTMAN_S
[BALANCE_LOG] ERROR: [ItemDataManager] Skipping unknown weapon type in JSON: STAFF_HAMANU_S
[BALANCE_LOG] ERROR: [ItemDataManager] Skipping unknown weapon type in JSON: SWORD_MARINER_S
[BALANCE_LOG] ERROR: [ItemDataManager] Skipping unknown weapon type in JSON: WHIP_MASTER_S
[ItemDataManager] Loaded 172 new weapons.
[BALANCE_LOG] ItemDataManager: Loaded 172 new weapons.
[ItemDataManager] Loaded 51 new armor items.
[BALANCE_LOG] ItemDataManager: Loaded 51 new armor items.
[Tarmin2] Loading SpawnTableData...
[BALANCE_LOG] Tarmin2: Loading SpawnTableData...
[Tarmin2] SpawnTableData loaded.
[BALANCE_LOG] Tarmin2: SpawnTableData loaded.
[LoadingScreen] Found video file: video/stinger_studio.mp4
[BALANCE_LOG] LoadingScreen: Found video file: video/stinger_studio.mp4
[LoadingScreen] Starting asset loading...
[BALANCE_LOG] LoadingScreen: Starting asset loading...
[0K
[0K
[2A[1m<[0;32;1m===========[0;39;1m--> 91% EXECUTING [12s][m[35D[1B[1m> :lwjgl3:run[m[13D[1B[2A[1m<[0;32;1m===========[0;39;1m--> 91% EXECUTING [13s][m[35D[2B[2A[1m<[0;32;1m===========[0;39;1m--> 91% EXECUTING [14s][m[35D[2B[2A[1m<[0;32;1m===========[0;39;1m--> 91% EXECUTING [15s][m[35D[2B[2A[1m<[0;32;1m===========[0;39;1m--> 91% EXECUTING [16s][m[35D[2B[2A[1m<[0;32;1m===========[0;39;1m--> 91% EXECUTING [17s][m[35D[2B[2A[1m<[0;32;1m===========[0;39;1m--> 91% EXECUTING [18s][m[35D[2B[2A[1m<[0;32;1m===========[0;39;1m--> 91% EXECUTING [19s][m[35D[2B[2A[1m<[0;32;1m===========[0;39;1m--> 91% EXECUTING [20s][m[35D[2B[2A[1m<[0;32;1m===========[0;39;1m--> 91% EXECUTING [21s][m[35D[2B[2A[LoadingScreen] Asset loading and video complete![0K
[BALANCE_LOG] LoadingScreen: Asset loading and video complete![0K
[0K
[0K
[2A[1m<[0;32;1m===========[0;39;1m--> 91% EXECUTING [21s][m[35D[1B[1m> :lwjgl3:run[m[13D[1B[2A[1m<[0;32;1m===========[0;39;1m--> 91% EXECUTING [22s][m[35D[2BtaManager] Skipping unknown weapon type in JSON: PICK_FOOTMAN_S
[ItemDataManager] Skipping unknown weapon type in JSON: STAFF_HAMANU_S
[ItemDataManager] Skipping unknown weapon type in JSON: SWORD_MARINER_S
[ItemDataManager] Skipping unknown weapon type in JSON: WHIP_MASTER_S
Input #0, mov,mp4,m4a,3gp,3g2,mj2, from 'C:\Users\denni\Desktop\Tarmin2\assets\video\stinger_studio.mp4':
  Metadata:
    major_brand     : isom
    minor_version   : 512
    compatible_brands: isomiso2avc1mp41
    encoder         : Lavf62.3.100
  Duration: 00:00:08.00, start: 0.000000, bitrate: 4549 kb/s
[2A[0K
[Incubating] Problems report is available at: file:///C:/Users/denni/Desktop/Tarmin2/build/reports/problems/problems-report.html[0K

Deprecated Gradle features were used in this build, making it incompatible with Gradle 9.0.

You can use '--warning-mode all' to show the individual deprecation warnings and determine if they come from your own scripts or plugins.

For more on this, please refer to https://docs.gradle.org/8.14.3/userguide/command_line_interface.html#sec:command_line_warnings in the Gradle documentation.

[32;1mBUILD SUCCESSFUL[0;39m in 25s
7 actionable tasks: 7 executed
Watched directory hierarchies: [C:\Users\denni\Desktop\Tarmin2]
[0K
[0K
[2A[1m<[0;1m-------------> 0% WAITING[m[26D[1B[1m> :lwjgl3:run[m[13D[1B  Stream #0:0[0x1](und): Video: h264 (Constrained Baseline) (avc1 / 0x31637661), yuv420p(tv, bt709, progressive), 1264x720 [SAR 1:1 DAR 79:45], 4380 kb/s, 24 fps, 24 tbr, 12288 tbn (default)
    Metadata:
      handler_name    : VideoHandler
      vendor_id       : [0][0][0][0]
      encoder         : Lavc62.11.100 libx264
  Stream #0:1[0x2](und): Audio: aac (LC) (mp4a / 0x6134706D), 48000 Hz, stereo, fltp, 162 kb/s (default)
    Metadata:
      handler_name    : Stereo
      vendor_id       : [0][0][0][0]
[2A[2K[1B[2K[1A